jul 20, 2016 2:45:40 PM org.apache.catalina.startup.VersionLoggerListener log
INFORMACIÓN: Server version:        Apache Tomcat/7.0.62
jul 20, 2016 2:45:40 PM org.apache.catalina.startup.VersionLoggerListener log
INFORMACIÓN: Server built:          May 7 2015 17:14:55 UTC
jul 20, 2016 2:45:40 PM org.apache.catalina.startup.VersionLoggerListener log
INFORMACIÓN: Server number:         7.0.62.0
jul 20, 2016 2:45:40 PM org.apache.catalina.startup.VersionLoggerListener log
INFORMACIÓN: OS Name:               Windows 7
jul 20, 2016 2:45:40 PM org.apache.catalina.startup.VersionLoggerListener log
INFORMACIÓN: OS Version:            6.1
jul 20, 2016 2:45:40 PM org.apache.catalina.startup.VersionLoggerListener log
INFORMACIÓN: Architecture:          amd64
jul 20, 2016 2:45:40 PM org.apache.catalina.startup.VersionLoggerListener log
INFORMACIÓN: Java Home:             C:\Program Files\Java\jre1.8.0_20
jul 20, 2016 2:45:40 PM org.apache.catalina.startup.VersionLoggerListener log
INFORMACIÓN: JVM Version:           1.8.0_20-b26
jul 20, 2016 2:45:40 PM org.apache.catalina.startup.VersionLoggerListener log
INFORMACIÓN: JVM Vendor:            Oracle Corporation
jul 20, 2016 2:45:40 PM org.apache.catalina.startup.VersionLoggerListener log
INFORMACIÓN: CATALINA_BASE:         C:\Program Files\liferay-portal-6.2-ce-ga6\tomcat-7.0.62
jul 20, 2016 2:45:40 PM org.apache.catalina.startup.VersionLoggerListener log
INFORMACIÓN: CATALINA_HOME:         C:\Program Files\liferay-portal-6.2-ce-ga6\tomcat-7.0.62
jul 20, 2016 2:45:40 PM org.apache.catalina.startup.VersionLoggerListener log
INFORMACIÓN: Command line argument: -Duser.timezone=GMT
jul 20, 2016 2:45:40 PM org.apache.catalina.startup.VersionLoggerListener log
INFORMACIÓN: Command line argument: -Dfile.encoding=UTF8
jul 20, 2016 2:45:40 PM org.apache.catalina.startup.VersionLoggerListener log
INFORMACIÓN: Command line argument: -Dorg.apache.catalina.loader.WebappClassLoader.ENABLE_CLEAR_REFERENCES=false
jul 20, 2016 2:45:40 PM org.apache.catalina.startup.VersionLoggerListener log
INFORMACIÓN: Command line argument: -Djava.util.logging.manager=org.apache.juli.ClassLoaderLogManager
jul 20, 2016 2:45:40 PM org.apache.catalina.startup.VersionLoggerListener log
INFORMACIÓN: Command line argument: -Djava.net.preferIPv4Stack=true
jul 20, 2016 2:45:40 PM org.apache.catalina.startup.VersionLoggerListener log
INFORMACIÓN: Command line argument: -Djava.util.logging.config.file=C:\Program Files\liferay-portal-6.2-ce-ga6\tomcat-7.0.62/conf/logging.properties
jul 20, 2016 2:45:40 PM org.apache.catalina.startup.VersionLoggerListener log
INFORMACIÓN: Command line argument: -Djava.io.tmpdir=C:\Program Files\liferay-portal-6.2-ce-ga6\tomcat-7.0.62/temp
jul 20, 2016 2:45:40 PM org.apache.catalina.startup.VersionLoggerListener log
INFORMACIÓN: Command line argument: -Dexternal-properties=C:\Program Files\liferay-portal-6.2-ce-ga6\portal-ide.properties
jul 20, 2016 2:45:40 PM org.apache.catalina.startup.VersionLoggerListener log
INFORMACIÓN: Command line argument: -Dcatalina.base=C:\Program Files\liferay-portal-6.2-ce-ga6\tomcat-7.0.62
jul 20, 2016 2:45:40 PM org.apache.catalina.startup.VersionLoggerListener log
INFORMACIÓN: Command line argument: -Dcatalina.home=C:\Program Files\liferay-portal-6.2-ce-ga6\tomcat-7.0.62
jul 20, 2016 2:45:40 PM org.apache.catalina.startup.VersionLoggerListener log
INFORMACIÓN: Command line argument: -Dwtp.deploy=C:\Program Files\liferay-portal-6.2-ce-ga6\tomcat-7.0.62\webapps
jul 20, 2016 2:45:40 PM org.apache.catalina.startup.VersionLoggerListener log
INFORMACIÓN: Command line argument: -Djava.endorsed.dirs=C:\Program Files\liferay-portal-6.2-ce-ga6\tomcat-7.0.62\endorsed
jul 20, 2016 2:45:40 PM org.apache.catalina.startup.VersionLoggerListener log
INFORMACIÓN: Command line argument: -Xmx1024m
jul 20, 2016 2:45:40 PM org.apache.catalina.startup.VersionLoggerListener log
INFORMACIÓN: Command line argument: -XX:MaxPermSize=256m
jul 20, 2016 2:45:40 PM org.apache.catalina.core.AprLifecycleListener lifecycleEvent
INFORMACIÓN: La biblioteca nativa de Apache Tomcat basada en ARP que permite un rendimiento óptimo en entornos de desarrollo no ha sido hallada en java.library.path: C:\Program Files\Java\jre1.8.0_20\bin;C:\Windows\Sun\Java\bin;C:\Windows\system32;C:\Windows;C:\ProgramData\Oracle\Java\javapath;C:\Windows\system32;C:\Windows;C:\Windows\System32\Wbem;C:\Windows\System32\WindowsPowerShell\v1.0\;C:\Program Files\Intel\WiFi\bin\;C:\Program Files\Common Files\Intel\WirelessCommon\;C:\Program Files\MATLAB\R2011a\runtime\win64;C:\Program Files\MATLAB\R2011a\bin;C:\Program Files (x86)\Microsoft SQL Server\100\Tools\Binn\;C:\Program Files\Microsoft SQL Server\100\Tools\Binn\;C:\Program Files\Microsoft SQL Server\100\DTS\Binn\;C:\Program Files\MiKTeX 2.9\miktex\bin\x64\;C:\Program Files\Intel\WiFi\bin\;C:\Program Files\Common Files\Intel\WirelessCommon\;.
jul 20, 2016 2:45:41 PM org.apache.coyote.AbstractProtocol init
INFORMACIÓN: Initializing ProtocolHandler ["http-bio-8080"]
jul 20, 2016 2:45:41 PM org.apache.coyote.AbstractProtocol init
INFORMACIÓN: Initializing ProtocolHandler ["ajp-bio-8009"]
jul 20, 2016 2:45:41 PM org.apache.catalina.startup.Catalina load
INFORMACIÓN: Initialization processed in 1173 ms
jul 20, 2016 2:45:41 PM org.apache.catalina.core.StandardService startInternal
INFORMACIÓN: Arrancando servicio Catalina
jul 20, 2016 2:45:41 PM org.apache.catalina.core.StandardEngine startInternal
INFORMACIÓN: Starting Servlet Engine: Apache Tomcat/7.0.62
jul 20, 2016 2:45:41 PM org.apache.catalina.startup.HostConfig deployDescriptor
INFORMACIÓN: Desplieque del descriptor de configuración C:\Program Files\liferay-portal-6.2-ce-ga6\tomcat-7.0.62\conf\Catalina\localhost\ROOT.xml
jul 20, 2016 2:46:20 PM org.apache.catalina.startup.TldConfig execute
INFORMACIÓN: At least one JAR was scanned for TLDs yet contained no TLDs. Enable debug logging for this logger for a complete list of JARs that were scanned but no TLDs were found in them. Skipping unneeded JARs during scanning can improve startup time and JSP compilation time.
jul 20, 2016 2:48:06 PM org.apache.catalina.startup.HostConfig deployDescriptor
INFORMACIÓN: Deployment of configuration descriptor C:\Program Files\liferay-portal-6.2-ce-ga6\tomcat-7.0.62\conf\Catalina\localhost\ROOT.xml has finished in 145.269 ms
jul 20, 2016 2:48:06 PM org.apache.catalina.startup.HostConfig deployDescriptor
INFORMACIÓN: Desplieque del descriptor de configuración C:\Program Files\liferay-portal-6.2-ce-ga6\tomcat-7.0.62\conf\Catalina\localhost\Rubisub-theme.xml
jul 20, 2016 2:48:06 PM org.apache.catalina.startup.HostConfig deployDescriptor
ADVERTENCIA: Se ha especificado un docBase C:\Program Files\liferay-portal-6.2-ce-ga6\tomcat-7.0.62\webapps\Rubisub-theme dentro del appBase de la máquina y será ignorado
jul 20, 2016 2:48:06 PM org.apache.catalina.startup.SetContextPropertiesRule begin
ADVERTENCIA: [SetContextPropertiesRule]{Context} Setting property 'source' to 'org.eclipse.jst.jee.server:Rubisub-theme' did not find a matching property.
jul 20, 2016 2:48:07 PM org.apache.catalina.startup.TldConfig execute
INFORMACIÓN: At least one JAR was scanned for TLDs yet contained no TLDs. Enable debug logging for this logger for a complete list of JARs that were scanned but no TLDs were found in them. Skipping unneeded JARs during scanning can improve startup time and JSP compilation time.
jul 20, 2016 2:48:07 PM org.apache.catalina.startup.HostConfig deployDescriptor
INFORMACIÓN: Deployment of configuration descriptor C:\Program Files\liferay-portal-6.2-ce-ga6\tomcat-7.0.62\conf\Catalina\localhost\Rubisub-theme.xml has finished in 1.217 ms
jul 20, 2016 2:48:07 PM org.apache.catalina.startup.HostConfig deployDirectory
INFORMACIÓN: Despliegue del directorio C:\Program Files\liferay-portal-6.2-ce-ga6\tomcat-7.0.62\webapps\calendar-portlet de la aplicación web
jul 20, 2016 2:48:19 PM org.apache.catalina.startup.TldConfig execute
INFORMACIÓN: At least one JAR was scanned for TLDs yet contained no TLDs. Enable debug logging for this logger for a complete list of JARs that were scanned but no TLDs were found in them. Skipping unneeded JARs during scanning can improve startup time and JSP compilation time.
jul 20, 2016 2:48:19 PM org.apache.catalina.startup.HostConfig deployDirectory
INFORMACIÓN: Deployment of web application directory C:\Program Files\liferay-portal-6.2-ce-ga6\tomcat-7.0.62\webapps\calendar-portlet has finished in 11.937 ms
jul 20, 2016 2:48:19 PM org.apache.catalina.startup.HostConfig deployDirectory
INFORMACIÓN: Despliegue del directorio C:\Program Files\liferay-portal-6.2-ce-ga6\tomcat-7.0.62\webapps\kaleo-web de la aplicación web
jul 20, 2016 2:48:36 PM org.apache.catalina.startup.TldConfig execute
INFORMACIÓN: At least one JAR was scanned for TLDs yet contained no TLDs. Enable debug logging for this logger for a complete list of JARs that were scanned but no TLDs were found in them. Skipping unneeded JARs during scanning can improve startup time and JSP compilation time.
jul 20, 2016 2:48:36 PM org.apache.catalina.startup.HostConfig deployDirectory
INFORMACIÓN: Deployment of web application directory C:\Program Files\liferay-portal-6.2-ce-ga6\tomcat-7.0.62\webapps\kaleo-web has finished in 16.723 ms
jul 20, 2016 2:48:36 PM org.apache.catalina.startup.HostConfig deployDirectory
INFORMACIÓN: Despliegue del directorio C:\Program Files\liferay-portal-6.2-ce-ga6\tomcat-7.0.62\webapps\marketplace-portlet de la aplicación web
jul 20, 2016 2:48:40 PM org.apache.catalina.startup.TldConfig execute
INFORMACIÓN: At least one JAR was scanned for TLDs yet contained no TLDs. Enable debug logging for this logger for a complete list of JARs that were scanned but no TLDs were found in them. Skipping unneeded JARs during scanning can improve startup time and JSP compilation time.
jul 20, 2016 2:48:54 PM org.apache.catalina.startup.HostConfig deployDirectory
INFORMACIÓN: Deployment of web application directory C:\Program Files\liferay-portal-6.2-ce-ga6\tomcat-7.0.62\webapps\marketplace-portlet has finished in 17.945 ms
jul 20, 2016 2:48:54 PM org.apache.catalina.startup.HostConfig deployDirectory
INFORMACIÓN: Despliegue del directorio C:\Program Files\liferay-portal-6.2-ce-ga6\tomcat-7.0.62\webapps\notifications-portlet de la aplicación web
jul 20, 2016 2:48:57 PM org.apache.catalina.startup.TldConfig execute
INFORMACIÓN: At least one JAR was scanned for TLDs yet contained no TLDs. Enable debug logging for this logger for a complete list of JARs that were scanned but no TLDs were found in them. Skipping unneeded JARs during scanning can improve startup time and JSP compilation time.
jul 20, 2016 2:48:58 PM org.apache.catalina.startup.HostConfig deployDirectory
INFORMACIÓN: Deployment of web application directory C:\Program Files\liferay-portal-6.2-ce-ga6\tomcat-7.0.62\webapps\notifications-portlet has finished in 3.870 ms
jul 20, 2016 2:48:58 PM org.apache.catalina.startup.HostConfig deployDirectory
INFORMACIÓN: Despliegue del directorio C:\Program Files\liferay-portal-6.2-ce-ga6\tomcat-7.0.62\webapps\opensocial-portlet de la aplicación web
jul 20, 2016 2:49:08 PM org.apache.catalina.startup.TldConfig execute
INFORMACIÓN: At least one JAR was scanned for TLDs yet contained no TLDs. Enable debug logging for this logger for a complete list of JARs that were scanned but no TLDs were found in them. Skipping unneeded JARs during scanning can improve startup time and JSP compilation time.
jul 20, 2016 2:49:10 PM org.apache.catalina.startup.HostConfig deployDirectory
INFORMACIÓN: Deployment of web application directory C:\Program Files\liferay-portal-6.2-ce-ga6\tomcat-7.0.62\webapps\opensocial-portlet has finished in 11.931 ms
jul 20, 2016 2:49:10 PM org.apache.catalina.startup.HostConfig deployDirectory
INFORMACIÓN: Despliegue del directorio C:\Program Files\liferay-portal-6.2-ce-ga6\tomcat-7.0.62\webapps\resources-importer-web de la aplicación web
jul 20, 2016 2:49:11 PM org.apache.shindig.config.JsonContainerConfig loadContainers
INFORMACIÓN: Loading resources from: containers/default/container.js
jul 20, 2016 2:49:11 PM org.apache.shindig.config.JsonContainerConfig loadResources
INFORMACIÓN: Reading container config: containers/default/container.js
jul 20, 2016 2:49:12 PM org.apache.shindig.gadgets.features.FeatureRegistry register
INFORMACIÓN: Loading resources from: res:features-extras/features.txt
jul 20, 2016 2:49:12 PM org.apache.shindig.common.xml.XmlUtil <clinit>
INFORMACIÓN: Reusing document builders
jul 20, 2016 2:49:12 PM org.apache.catalina.startup.TldConfig execute
INFORMACIÓN: At least one JAR was scanned for TLDs yet contained no TLDs. Enable debug logging for this logger for a complete list of JARs that were scanned but no TLDs were found in them. Skipping unneeded JARs during scanning can improve startup time and JSP compilation time.
jul 20, 2016 2:49:12 PM org.apache.catalina.startup.HostConfig deployDirectory
INFORMACIÓN: Deployment of web application directory C:\Program Files\liferay-portal-6.2-ce-ga6\tomcat-7.0.62\webapps\resources-importer-web has finished in 2.585 ms
jul 20, 2016 2:49:12 PM org.apache.catalina.startup.HostConfig deployDirectory
INFORMACIÓN: Despliegue del directorio C:\Program Files\liferay-portal-6.2-ce-ga6\tomcat-7.0.62\webapps\sync-web de la aplicación web
jul 20, 2016 2:49:13 PM org.apache.shindig.gadgets.features.FeatureRegistry register
INFORMACIÓN: Loading resources from: res:features/features.txt
jul 20, 2016 2:49:16 PM org.apache.shindig.gadgets.servlet.CajaContentRewriter <init>
INFORMACIÓN: Cajoled cache createdorg.apache.shindig.common.cache.ehcache.EhConfiguredCache@1e5f358e
jul 20, 2016 2:49:16 PM org.apache.shindig.gadgets.servlet.CajaContentRewriter <init>
INFORMACIÓN: Cajoled cache createdorg.apache.shindig.common.cache.ehcache.EhConfiguredCache@1e5f358e
jul 20, 2016 2:49:16 PM org.apache.shindig.gadgets.oauth.OAuthModule$OAuthCrypterProvider <init>
INFORMACIÓN: Using random key for OAuth client-side state encryption
jul 20, 2016 2:49:19 PM org.apache.catalina.startup.TldConfig execute
INFORMACIÓN: At least one JAR was scanned for TLDs yet contained no TLDs. Enable debug logging for this logger for a complete list of JARs that were scanned but no TLDs were found in them. Skipping unneeded JARs during scanning can improve startup time and JSP compilation time.
jul 20, 2016 2:49:20 PM org.apache.catalina.startup.HostConfig deployDirectory
INFORMACIÓN: Deployment of web application directory C:\Program Files\liferay-portal-6.2-ce-ga6\tomcat-7.0.62\webapps\sync-web has finished in 8.073 ms
jul 20, 2016 2:49:20 PM org.apache.catalina.startup.HostConfig deployDirectory
INFORMACIÓN: Despliegue del directorio C:\Program Files\liferay-portal-6.2-ce-ga6\tomcat-7.0.62\webapps\web-form-portlet de la aplicación web
jul 20, 2016 2:49:22 PM org.apache.catalina.startup.TldConfig execute
INFORMACIÓN: At least one JAR was scanned for TLDs yet contained no TLDs. Enable debug logging for this logger for a complete list of JARs that were scanned but no TLDs were found in them. Skipping unneeded JARs during scanning can improve startup time and JSP compilation time.
jul 20, 2016 2:49:22 PM org.apache.catalina.startup.HostConfig deployDirectory
INFORMACIÓN: Deployment of web application directory C:\Program Files\liferay-portal-6.2-ce-ga6\tomcat-7.0.62\webapps\web-form-portlet has finished in 2.202 ms
jul 20, 2016 2:49:22 PM org.apache.coyote.AbstractProtocol start
INFORMACIÓN: Starting ProtocolHandler ["http-bio-8080"]
jul 20, 2016 2:49:22 PM org.apache.coyote.AbstractProtocol start
INFORMACIÓN: Starting ProtocolHandler ["ajp-bio-8009"]
jul 20, 2016 2:49:22 PM org.apache.catalina.startup.Catalina start
INFORMACIÓN: Server startup in 221861 ms
jul 20, 2016 8:16:12 PM org.apache.catalina.core.StandardServer await
INFORMACIÓN: Se ha recibido un comando de apagado a través del puerto de apagado. Parando la instancia del Servidor.
jul 20, 2016 8:16:12 PM org.apache.coyote.AbstractProtocol pause
INFORMACIÓN: Pausing ProtocolHandler ["http-bio-8080"]
jul 20, 2016 8:16:12 PM org.apache.coyote.AbstractProtocol pause
INFORMACIÓN: Pausing ProtocolHandler ["ajp-bio-8009"]
jul 20, 2016 8:16:12 PM org.apache.catalina.core.StandardService stopInternal
INFORMACIÓN: Parando servicio Catalina
jul 20, 2016 8:16:26 PM org.apache.catalina.loader.WebappClassLoader clearReferencesThreads
GRAVE: La aplicación web [] parece haber arrancado un hilo llamado [org.python.google.common.base.internal.Finalizer] pero no ha podido pararlo. Esto tiene todas las papeletas de convertirse en un fallo de memoria.
jul 20, 2016 8:16:26 PM org.apache.catalina.loader.WebappClassLoader clearReferencesThreads
GRAVE: La aplicación web [] parece haber arrancado un hilo llamado [ReferenceReaper] pero no ha podido pararlo. Esto tiene todas las papeletas de convertirse en un fallo de memoria.
jul 20, 2016 8:16:26 PM org.apache.catalina.loader.WebappClassLoader clearReferencesThreads
GRAVE: La aplicación web [] parece haber arrancado un hilo llamado [Thread-41] pero no ha podido pararlo. Esto tiene todas las papeletas de convertirse en un fallo de memoria.
jul 20, 2016 8:16:26 PM org.apache.catalina.loader.WebappClassLoader clearReferencesThreads
GRAVE: La aplicación web [] parece haber arrancado un hilo llamado [Thread-42] pero no ha podido pararlo. Esto tiene todas las papeletas de convertirse en un fallo de memoria.
jul 20, 2016 8:16:42 PM org.apache.coyote.AbstractProtocol stop
INFORMACIÓN: Stopping ProtocolHandler ["http-bio-8080"]
jul 20, 2016 8:16:42 PM org.apache.coyote.AbstractProtocol stop
INFORMACIÓN: Stopping ProtocolHandler ["ajp-bio-8009"]
jul 20, 2016 8:16:42 PM org.apache.coyote.AbstractProtocol destroy
INFORMACIÓN: Destroying ProtocolHandler ["http-bio-8080"]
jul 20, 2016 8:16:42 PM org.apache.coyote.AbstractProtocol destroy
INFORMACIÓN: Destroying ProtocolHandler ["ajp-bio-8009"]
