jul 06, 2016 4:50:25 PM org.apache.catalina.startup.VersionLoggerListener log
INFORMACIÓN: Server version:        Apache Tomcat/7.0.62
jul 06, 2016 4:50:25 PM org.apache.catalina.startup.VersionLoggerListener log
INFORMACIÓN: Server built:          May 7 2015 17:14:55 UTC
jul 06, 2016 4:50:25 PM org.apache.catalina.startup.VersionLoggerListener log
INFORMACIÓN: Server number:         7.0.62.0
jul 06, 2016 4:50:25 PM org.apache.catalina.startup.VersionLoggerListener log
INFORMACIÓN: OS Name:               Windows 7
jul 06, 2016 4:50:25 PM org.apache.catalina.startup.VersionLoggerListener log
INFORMACIÓN: OS Version:            6.1
jul 06, 2016 4:50:25 PM org.apache.catalina.startup.VersionLoggerListener log
INFORMACIÓN: Architecture:          amd64
jul 06, 2016 4:50:25 PM org.apache.catalina.startup.VersionLoggerListener log
INFORMACIÓN: Java Home:             C:\Program Files\Java\jre1.8.0_20
jul 06, 2016 4:50:25 PM org.apache.catalina.startup.VersionLoggerListener log
INFORMACIÓN: JVM Version:           1.8.0_20-b26
jul 06, 2016 4:50:25 PM org.apache.catalina.startup.VersionLoggerListener log
INFORMACIÓN: JVM Vendor:            Oracle Corporation
jul 06, 2016 4:50:25 PM org.apache.catalina.startup.VersionLoggerListener log
INFORMACIÓN: CATALINA_BASE:         C:\Program Files\liferay-portal-6.2-ce-ga6\tomcat-7.0.62
jul 06, 2016 4:50:25 PM org.apache.catalina.startup.VersionLoggerListener log
INFORMACIÓN: CATALINA_HOME:         C:\Program Files\liferay-portal-6.2-ce-ga6\tomcat-7.0.62
jul 06, 2016 4:50:25 PM org.apache.catalina.startup.VersionLoggerListener log
INFORMACIÓN: Command line argument: -Duser.timezone=GMT
jul 06, 2016 4:50:25 PM org.apache.catalina.startup.VersionLoggerListener log
INFORMACIÓN: Command line argument: -Dfile.encoding=UTF8
jul 06, 2016 4:50:25 PM org.apache.catalina.startup.VersionLoggerListener log
INFORMACIÓN: Command line argument: -Dorg.apache.catalina.loader.WebappClassLoader.ENABLE_CLEAR_REFERENCES=false
jul 06, 2016 4:50:25 PM org.apache.catalina.startup.VersionLoggerListener log
INFORMACIÓN: Command line argument: -Djava.util.logging.manager=org.apache.juli.ClassLoaderLogManager
jul 06, 2016 4:50:25 PM org.apache.catalina.startup.VersionLoggerListener log
INFORMACIÓN: Command line argument: -Djava.net.preferIPv4Stack=true
jul 06, 2016 4:50:25 PM org.apache.catalina.startup.VersionLoggerListener log
INFORMACIÓN: Command line argument: -Djava.util.logging.config.file=C:\Program Files\liferay-portal-6.2-ce-ga6\tomcat-7.0.62/conf/logging.properties
jul 06, 2016 4:50:25 PM org.apache.catalina.startup.VersionLoggerListener log
INFORMACIÓN: Command line argument: -Djava.io.tmpdir=C:\Program Files\liferay-portal-6.2-ce-ga6\tomcat-7.0.62/temp
jul 06, 2016 4:50:25 PM org.apache.catalina.startup.VersionLoggerListener log
INFORMACIÓN: Command line argument: -Dexternal-properties=C:\Program Files\liferay-portal-6.2-ce-ga6\portal-ide.properties
jul 06, 2016 4:50:25 PM org.apache.catalina.startup.VersionLoggerListener log
INFORMACIÓN: Command line argument: -Dcatalina.base=C:\Program Files\liferay-portal-6.2-ce-ga6\tomcat-7.0.62
jul 06, 2016 4:50:25 PM org.apache.catalina.startup.VersionLoggerListener log
INFORMACIÓN: Command line argument: -Dcatalina.home=C:\Program Files\liferay-portal-6.2-ce-ga6\tomcat-7.0.62
jul 06, 2016 4:50:25 PM org.apache.catalina.startup.VersionLoggerListener log
INFORMACIÓN: Command line argument: -Dwtp.deploy=C:\Program Files\liferay-portal-6.2-ce-ga6\tomcat-7.0.62\webapps
jul 06, 2016 4:50:25 PM org.apache.catalina.startup.VersionLoggerListener log
INFORMACIÓN: Command line argument: -Djava.endorsed.dirs=C:\Program Files\liferay-portal-6.2-ce-ga6\tomcat-7.0.62\endorsed
jul 06, 2016 4:50:25 PM org.apache.catalina.startup.VersionLoggerListener log
INFORMACIÓN: Command line argument: -Xmx1024m
jul 06, 2016 4:50:25 PM org.apache.catalina.startup.VersionLoggerListener log
INFORMACIÓN: Command line argument: -XX:MaxPermSize=256m
jul 06, 2016 4:50:25 PM org.apache.catalina.core.AprLifecycleListener lifecycleEvent
INFORMACIÓN: La biblioteca nativa de Apache Tomcat basada en ARP que permite un rendimiento óptimo en entornos de desarrollo no ha sido hallada en java.library.path: C:\Program Files\Java\jre1.8.0_20\bin;C:\Windows\Sun\Java\bin;C:\Windows\system32;C:\Windows;C:\ProgramData\Oracle\Java\javapath;C:\Windows\system32;C:\Windows;C:\Windows\System32\Wbem;C:\Windows\System32\WindowsPowerShell\v1.0\;C:\Program Files\Intel\WiFi\bin\;C:\Program Files\Common Files\Intel\WirelessCommon\;C:\Program Files\MATLAB\R2011a\runtime\win64;C:\Program Files\MATLAB\R2011a\bin;C:\Program Files (x86)\Microsoft SQL Server\100\Tools\Binn\;C:\Program Files\Microsoft SQL Server\100\Tools\Binn\;C:\Program Files\Microsoft SQL Server\100\DTS\Binn\;C:\Program Files\MiKTeX 2.9\miktex\bin\x64\;C:\Program Files\Intel\WiFi\bin\;C:\Program Files\Common Files\Intel\WirelessCommon\;.
jul 06, 2016 4:50:26 PM org.apache.coyote.AbstractProtocol init
INFORMACIÓN: Initializing ProtocolHandler ["http-bio-8080"]
jul 06, 2016 4:50:26 PM org.apache.coyote.AbstractProtocol init
INFORMACIÓN: Initializing ProtocolHandler ["ajp-bio-8009"]
jul 06, 2016 4:50:26 PM org.apache.catalina.startup.Catalina load
INFORMACIÓN: Initialization processed in 2113 ms
jul 06, 2016 4:50:26 PM org.apache.catalina.core.StandardService startInternal
INFORMACIÓN: Arrancando servicio Catalina
jul 06, 2016 4:50:26 PM org.apache.catalina.core.StandardEngine startInternal
INFORMACIÓN: Starting Servlet Engine: Apache Tomcat/7.0.62
jul 06, 2016 4:50:26 PM org.apache.catalina.startup.HostConfig deployDescriptor
INFORMACIÓN: Desplieque del descriptor de configuración C:\Program Files\liferay-portal-6.2-ce-ga6\tomcat-7.0.62\conf\Catalina\localhost\ROOT.xml
jul 06, 2016 4:51:13 PM org.apache.catalina.startup.TldConfig execute
INFORMACIÓN: At least one JAR was scanned for TLDs yet contained no TLDs. Enable debug logging for this logger for a complete list of JARs that were scanned but no TLDs were found in them. Skipping unneeded JARs during scanning can improve startup time and JSP compilation time.
jul 06, 2016 4:52:21 PM org.apache.catalina.startup.HostConfig deployDescriptor
INFORMACIÓN: Deployment of configuration descriptor C:\Program Files\liferay-portal-6.2-ce-ga6\tomcat-7.0.62\conf\Catalina\localhost\ROOT.xml has finished in 114.049 ms
jul 06, 2016 4:52:21 PM org.apache.catalina.startup.HostConfig deployDirectory
INFORMACIÓN: Despliegue del directorio C:\Program Files\liferay-portal-6.2-ce-ga6\tomcat-7.0.62\webapps\calendar-portlet de la aplicación web
jul 06, 2016 4:52:29 PM org.apache.catalina.startup.TldConfig execute
INFORMACIÓN: At least one JAR was scanned for TLDs yet contained no TLDs. Enable debug logging for this logger for a complete list of JARs that were scanned but no TLDs were found in them. Skipping unneeded JARs during scanning can improve startup time and JSP compilation time.
jul 06, 2016 4:52:29 PM org.apache.catalina.startup.HostConfig deployDirectory
INFORMACIÓN: Deployment of web application directory C:\Program Files\liferay-portal-6.2-ce-ga6\tomcat-7.0.62\webapps\calendar-portlet has finished in 7.984 ms
jul 06, 2016 4:52:29 PM org.apache.catalina.startup.HostConfig deployDirectory
INFORMACIÓN: Despliegue del directorio C:\Program Files\liferay-portal-6.2-ce-ga6\tomcat-7.0.62\webapps\kaleo-web de la aplicación web
jul 06, 2016 4:52:38 PM org.apache.catalina.startup.TldConfig execute
INFORMACIÓN: At least one JAR was scanned for TLDs yet contained no TLDs. Enable debug logging for this logger for a complete list of JARs that were scanned but no TLDs were found in them. Skipping unneeded JARs during scanning can improve startup time and JSP compilation time.
jul 06, 2016 4:52:38 PM org.apache.catalina.startup.HostConfig deployDirectory
INFORMACIÓN: Deployment of web application directory C:\Program Files\liferay-portal-6.2-ce-ga6\tomcat-7.0.62\webapps\kaleo-web has finished in 9.458 ms
jul 06, 2016 4:52:38 PM org.apache.catalina.startup.HostConfig deployDirectory
INFORMACIÓN: Despliegue del directorio C:\Program Files\liferay-portal-6.2-ce-ga6\tomcat-7.0.62\webapps\marketplace-portlet de la aplicación web
jul 06, 2016 4:52:40 PM org.apache.catalina.startup.TldConfig execute
INFORMACIÓN: At least one JAR was scanned for TLDs yet contained no TLDs. Enable debug logging for this logger for a complete list of JARs that were scanned but no TLDs were found in them. Skipping unneeded JARs during scanning can improve startup time and JSP compilation time.
jul 06, 2016 4:52:40 PM org.apache.catalina.startup.HostConfig deployDirectory
INFORMACIÓN: Deployment of web application directory C:\Program Files\liferay-portal-6.2-ce-ga6\tomcat-7.0.62\webapps\marketplace-portlet has finished in 1.747 ms
jul 06, 2016 4:52:40 PM org.apache.catalina.startup.HostConfig deployDirectory
INFORMACIÓN: Despliegue del directorio C:\Program Files\liferay-portal-6.2-ce-ga6\tomcat-7.0.62\webapps\notifications-portlet de la aplicación web
jul 06, 2016 4:52:41 PM org.apache.catalina.startup.TldConfig execute
INFORMACIÓN: At least one JAR was scanned for TLDs yet contained no TLDs. Enable debug logging for this logger for a complete list of JARs that were scanned but no TLDs were found in them. Skipping unneeded JARs during scanning can improve startup time and JSP compilation time.
jul 06, 2016 4:52:41 PM org.apache.catalina.startup.HostConfig deployDirectory
INFORMACIÓN: Deployment of web application directory C:\Program Files\liferay-portal-6.2-ce-ga6\tomcat-7.0.62\webapps\notifications-portlet has finished in 1.500 ms
jul 06, 2016 4:52:41 PM org.apache.catalina.startup.HostConfig deployDirectory
INFORMACIÓN: Despliegue del directorio C:\Program Files\liferay-portal-6.2-ce-ga6\tomcat-7.0.62\webapps\opensocial-portlet de la aplicación web
jul 06, 2016 4:52:45 PM org.apache.catalina.startup.TldConfig execute
INFORMACIÓN: At least one JAR was scanned for TLDs yet contained no TLDs. Enable debug logging for this logger for a complete list of JARs that were scanned but no TLDs were found in them. Skipping unneeded JARs during scanning can improve startup time and JSP compilation time.
jul 06, 2016 4:52:45 PM org.apache.catalina.startup.HostConfig deployDirectory
INFORMACIÓN: Deployment of web application directory C:\Program Files\liferay-portal-6.2-ce-ga6\tomcat-7.0.62\webapps\opensocial-portlet has finished in 3.936 ms
jul 06, 2016 4:52:45 PM org.apache.catalina.startup.HostConfig deployDirectory
INFORMACIÓN: Despliegue del directorio C:\Program Files\liferay-portal-6.2-ce-ga6\tomcat-7.0.62\webapps\resources-importer-web de la aplicación web
jul 06, 2016 4:52:47 PM org.apache.catalina.startup.TldConfig execute
INFORMACIÓN: At least one JAR was scanned for TLDs yet contained no TLDs. Enable debug logging for this logger for a complete list of JARs that were scanned but no TLDs were found in them. Skipping unneeded JARs during scanning can improve startup time and JSP compilation time.
jul 06, 2016 4:52:47 PM org.apache.catalina.startup.HostConfig deployDirectory
INFORMACIÓN: Deployment of web application directory C:\Program Files\liferay-portal-6.2-ce-ga6\tomcat-7.0.62\webapps\resources-importer-web has finished in 1.699 ms
jul 06, 2016 4:52:47 PM org.apache.catalina.startup.HostConfig deployDirectory
INFORMACIÓN: Despliegue del directorio C:\Program Files\liferay-portal-6.2-ce-ga6\tomcat-7.0.62\webapps\sync-web de la aplicación web
jul 06, 2016 4:52:49 PM org.apache.catalina.startup.TldConfig execute
INFORMACIÓN: At least one JAR was scanned for TLDs yet contained no TLDs. Enable debug logging for this logger for a complete list of JARs that were scanned but no TLDs were found in them. Skipping unneeded JARs during scanning can improve startup time and JSP compilation time.
jul 06, 2016 4:52:49 PM org.apache.catalina.startup.HostConfig deployDirectory
INFORMACIÓN: Deployment of web application directory C:\Program Files\liferay-portal-6.2-ce-ga6\tomcat-7.0.62\webapps\sync-web has finished in 2.454 ms
jul 06, 2016 4:52:49 PM org.apache.catalina.startup.HostConfig deployDirectory
INFORMACIÓN: Despliegue del directorio C:\Program Files\liferay-portal-6.2-ce-ga6\tomcat-7.0.62\webapps\web-form-portlet de la aplicación web
jul 06, 2016 4:52:51 PM org.apache.catalina.startup.TldConfig execute
INFORMACIÓN: At least one JAR was scanned for TLDs yet contained no TLDs. Enable debug logging for this logger for a complete list of JARs that were scanned but no TLDs were found in them. Skipping unneeded JARs during scanning can improve startup time and JSP compilation time.
jul 06, 2016 4:52:51 PM org.apache.catalina.startup.HostConfig deployDirectory
INFORMACIÓN: Deployment of web application directory C:\Program Files\liferay-portal-6.2-ce-ga6\tomcat-7.0.62\webapps\web-form-portlet has finished in 1.652 ms
jul 06, 2016 4:52:51 PM org.apache.coyote.AbstractProtocol start
INFORMACIÓN: Starting ProtocolHandler ["http-bio-8080"]
jul 06, 2016 4:52:51 PM org.apache.coyote.AbstractProtocol start
INFORMACIÓN: Starting ProtocolHandler ["ajp-bio-8009"]
jul 06, 2016 4:52:51 PM org.apache.catalina.startup.Catalina start
INFORMACIÓN: Server startup in 144627 ms
jul 06, 2016 4:59:14 PM org.apache.shindig.config.JsonContainerConfig loadContainers
INFORMACIÓN: Loading resources from: containers/default/container.js
jul 06, 2016 4:59:14 PM org.apache.shindig.config.JsonContainerConfig loadResources
INFORMACIÓN: Reading container config: containers/default/container.js
jul 06, 2016 4:59:16 PM org.apache.shindig.gadgets.features.FeatureRegistry register
INFORMACIÓN: Loading resources from: res:features-extras/features.txt
jul 06, 2016 4:59:17 PM org.apache.shindig.common.xml.XmlUtil <clinit>
INFORMACIÓN: Reusing document builders
jul 06, 2016 4:59:18 PM org.apache.shindig.gadgets.features.FeatureRegistry register
INFORMACIÓN: Loading resources from: res:features/features.txt
jul 06, 2016 4:59:31 PM org.apache.shindig.gadgets.servlet.CajaContentRewriter <init>
INFORMACIÓN: Cajoled cache createdorg.apache.shindig.common.cache.ehcache.EhConfiguredCache@6ae75394
jul 06, 2016 4:59:31 PM org.apache.shindig.gadgets.servlet.CajaContentRewriter <init>
INFORMACIÓN: Cajoled cache createdorg.apache.shindig.common.cache.ehcache.EhConfiguredCache@6ae75394
jul 06, 2016 4:59:31 PM org.apache.shindig.gadgets.oauth.OAuthModule$OAuthCrypterProvider <init>
INFORMACIÓN: Using random key for OAuth client-side state encryption
jul 06, 2016 6:59:03 PM org.apache.catalina.startup.HostConfig deployDirectory
INFORMACIÓN: Despliegue del directorio C:\Program Files\liferay-portal-6.2-ce-ga6\tomcat-7.0.62\webapps\Rubisub theme-theme de la aplicación web
jul 06, 2016 6:59:10 PM org.apache.catalina.startup.TaglibUriRule body
INFORMACIÓN: TLD skipped. URI: http://liferay.com/tld/ddm is already defined
jul 06, 2016 6:59:10 PM org.apache.catalina.startup.TaglibUriRule body
INFORMACIÓN: TLD skipped. URI: http://liferay.com/tld/theme is already defined
jul 06, 2016 6:59:10 PM org.apache.catalina.startup.TaglibUriRule body
INFORMACIÓN: TLD skipped. URI: http://liferay.com/tld/util is already defined
jul 06, 2016 6:59:10 PM org.apache.catalina.startup.TldConfig execute
INFORMACIÓN: At least one JAR was scanned for TLDs yet contained no TLDs. Enable debug logging for this logger for a complete list of JARs that were scanned but no TLDs were found in them. Skipping unneeded JARs during scanning can improve startup time and JSP compilation time.
jul 06, 2016 6:59:11 PM org.apache.catalina.startup.HostConfig deployDirectory
INFORMACIÓN: Deployment of web application directory C:\Program Files\liferay-portal-6.2-ce-ga6\tomcat-7.0.62\webapps\Rubisub theme-theme has finished in 7.140 ms
jul 06, 2016 6:59:21 PM org.apache.catalina.startup.HostConfig undeploy
INFORMACIÓN: Repliegue (undeploy) de la aplicación web que tiene como trayectoria de contexto /Rubisub theme-theme
jul 06, 2016 6:59:21 PM org.apache.catalina.startup.HostConfig deployDescriptor
INFORMACIÓN: Desplieque del descriptor de configuración C:\Program Files\liferay-portal-6.2-ce-ga6\tomcat-7.0.62\conf\Catalina\localhost\Rubisub theme-theme.xml
jul 06, 2016 6:59:21 PM org.apache.catalina.startup.HostConfig deployDescriptor
ADVERTENCIA: Se ha especificado un docBase C:\Program Files\liferay-portal-6.2-ce-ga6\tomcat-7.0.62\webapps\Rubisub theme-theme dentro del appBase de la máquina y será ignorado
jul 06, 2016 6:59:21 PM org.apache.catalina.startup.SetContextPropertiesRule begin
ADVERTENCIA: [SetContextPropertiesRule]{Context} Setting property 'source' to 'org.eclipse.jst.jee.server:Rubisub theme-theme' did not find a matching property.
jul 06, 2016 6:59:22 PM org.apache.catalina.startup.TldConfig execute
INFORMACIÓN: At least one JAR was scanned for TLDs yet contained no TLDs. Enable debug logging for this logger for a complete list of JARs that were scanned but no TLDs were found in them. Skipping unneeded JARs during scanning can improve startup time and JSP compilation time.
jul 06, 2016 6:59:28 PM org.apache.catalina.startup.HostConfig deployDescriptor
INFORMACIÓN: Deployment of configuration descriptor C:\Program Files\liferay-portal-6.2-ce-ga6\tomcat-7.0.62\conf\Catalina\localhost\Rubisub theme-theme.xml has finished in 7.006 ms
