jul 11, 2016 6:24:22 PM org.apache.catalina.startup.VersionLoggerListener log
INFORMACIÓN: Server version:        Apache Tomcat/7.0.62
jul 11, 2016 6:24:22 PM org.apache.catalina.startup.VersionLoggerListener log
INFORMACIÓN: Server built:          May 7 2015 17:14:55 UTC
jul 11, 2016 6:24:22 PM org.apache.catalina.startup.VersionLoggerListener log
INFORMACIÓN: Server number:         7.0.62.0
jul 11, 2016 6:24:22 PM org.apache.catalina.startup.VersionLoggerListener log
INFORMACIÓN: OS Name:               Windows 7
jul 11, 2016 6:24:22 PM org.apache.catalina.startup.VersionLoggerListener log
INFORMACIÓN: OS Version:            6.1
jul 11, 2016 6:24:22 PM org.apache.catalina.startup.VersionLoggerListener log
INFORMACIÓN: Architecture:          amd64
jul 11, 2016 6:24:22 PM org.apache.catalina.startup.VersionLoggerListener log
INFORMACIÓN: Java Home:             C:\Program Files\Java\jre1.8.0_20
jul 11, 2016 6:24:22 PM org.apache.catalina.startup.VersionLoggerListener log
INFORMACIÓN: JVM Version:           1.8.0_20-b26
jul 11, 2016 6:24:22 PM org.apache.catalina.startup.VersionLoggerListener log
INFORMACIÓN: JVM Vendor:            Oracle Corporation
jul 11, 2016 6:24:22 PM org.apache.catalina.startup.VersionLoggerListener log
INFORMACIÓN: CATALINA_BASE:         C:\Program Files\liferay-portal-6.2-ce-ga6\tomcat-7.0.62
jul 11, 2016 6:24:22 PM org.apache.catalina.startup.VersionLoggerListener log
INFORMACIÓN: CATALINA_HOME:         C:\Program Files\liferay-portal-6.2-ce-ga6\tomcat-7.0.62
jul 11, 2016 6:24:22 PM org.apache.catalina.startup.VersionLoggerListener log
INFORMACIÓN: Command line argument: -Duser.timezone=GMT
jul 11, 2016 6:24:22 PM org.apache.catalina.startup.VersionLoggerListener log
INFORMACIÓN: Command line argument: -Dfile.encoding=UTF8
jul 11, 2016 6:24:22 PM org.apache.catalina.startup.VersionLoggerListener log
INFORMACIÓN: Command line argument: -Dorg.apache.catalina.loader.WebappClassLoader.ENABLE_CLEAR_REFERENCES=false
jul 11, 2016 6:24:22 PM org.apache.catalina.startup.VersionLoggerListener log
INFORMACIÓN: Command line argument: -Djava.util.logging.manager=org.apache.juli.ClassLoaderLogManager
jul 11, 2016 6:24:22 PM org.apache.catalina.startup.VersionLoggerListener log
INFORMACIÓN: Command line argument: -Djava.net.preferIPv4Stack=true
jul 11, 2016 6:24:22 PM org.apache.catalina.startup.VersionLoggerListener log
INFORMACIÓN: Command line argument: -Djava.util.logging.config.file=C:\Program Files\liferay-portal-6.2-ce-ga6\tomcat-7.0.62/conf/logging.properties
jul 11, 2016 6:24:22 PM org.apache.catalina.startup.VersionLoggerListener log
INFORMACIÓN: Command line argument: -Djava.io.tmpdir=C:\Program Files\liferay-portal-6.2-ce-ga6\tomcat-7.0.62/temp
jul 11, 2016 6:24:22 PM org.apache.catalina.startup.VersionLoggerListener log
INFORMACIÓN: Command line argument: -Dexternal-properties=C:\Program Files\liferay-portal-6.2-ce-ga6\portal-ide.properties
jul 11, 2016 6:24:22 PM org.apache.catalina.startup.VersionLoggerListener log
INFORMACIÓN: Command line argument: -Dcatalina.base=C:\Program Files\liferay-portal-6.2-ce-ga6\tomcat-7.0.62
jul 11, 2016 6:24:22 PM org.apache.catalina.startup.VersionLoggerListener log
INFORMACIÓN: Command line argument: -Dcatalina.home=C:\Program Files\liferay-portal-6.2-ce-ga6\tomcat-7.0.62
jul 11, 2016 6:24:22 PM org.apache.catalina.startup.VersionLoggerListener log
INFORMACIÓN: Command line argument: -Dwtp.deploy=C:\Program Files\liferay-portal-6.2-ce-ga6\tomcat-7.0.62\webapps
jul 11, 2016 6:24:22 PM org.apache.catalina.startup.VersionLoggerListener log
INFORMACIÓN: Command line argument: -Djava.endorsed.dirs=C:\Program Files\liferay-portal-6.2-ce-ga6\tomcat-7.0.62\endorsed
jul 11, 2016 6:24:22 PM org.apache.catalina.startup.VersionLoggerListener log
INFORMACIÓN: Command line argument: -Xmx1024m
jul 11, 2016 6:24:22 PM org.apache.catalina.startup.VersionLoggerListener log
INFORMACIÓN: Command line argument: -XX:MaxPermSize=256m
jul 11, 2016 6:24:22 PM org.apache.catalina.core.AprLifecycleListener lifecycleEvent
INFORMACIÓN: La biblioteca nativa de Apache Tomcat basada en ARP que permite un rendimiento óptimo en entornos de desarrollo no ha sido hallada en java.library.path: C:\Program Files\Java\jre1.8.0_20\bin;C:\Windows\Sun\Java\bin;C:\Windows\system32;C:\Windows;C:\ProgramData\Oracle\Java\javapath;C:\Windows\system32;C:\Windows;C:\Windows\System32\Wbem;C:\Windows\System32\WindowsPowerShell\v1.0\;C:\Program Files\Intel\WiFi\bin\;C:\Program Files\Common Files\Intel\WirelessCommon\;C:\Program Files\MATLAB\R2011a\runtime\win64;C:\Program Files\MATLAB\R2011a\bin;C:\Program Files (x86)\Microsoft SQL Server\100\Tools\Binn\;C:\Program Files\Microsoft SQL Server\100\Tools\Binn\;C:\Program Files\Microsoft SQL Server\100\DTS\Binn\;C:\Program Files\MiKTeX 2.9\miktex\bin\x64\;C:\Program Files\Intel\WiFi\bin\;C:\Program Files\Common Files\Intel\WirelessCommon\;.
jul 11, 2016 6:24:22 PM org.apache.coyote.AbstractProtocol init
INFORMACIÓN: Initializing ProtocolHandler ["http-bio-8080"]
jul 11, 2016 6:24:23 PM org.apache.coyote.AbstractProtocol init
INFORMACIÓN: Initializing ProtocolHandler ["ajp-bio-8009"]
jul 11, 2016 6:24:23 PM org.apache.catalina.startup.Catalina load
INFORMACIÓN: Initialization processed in 1316 ms
jul 11, 2016 6:24:23 PM org.apache.catalina.core.StandardService startInternal
INFORMACIÓN: Arrancando servicio Catalina
jul 11, 2016 6:24:23 PM org.apache.catalina.core.StandardEngine startInternal
INFORMACIÓN: Starting Servlet Engine: Apache Tomcat/7.0.62
jul 11, 2016 6:24:23 PM org.apache.catalina.startup.HostConfig deployDescriptor
INFORMACIÓN: Desplieque del descriptor de configuración C:\Program Files\liferay-portal-6.2-ce-ga6\tomcat-7.0.62\conf\Catalina\localhost\ROOT.xml
jul 11, 2016 6:25:12 PM org.apache.catalina.startup.TldConfig execute
INFORMACIÓN: At least one JAR was scanned for TLDs yet contained no TLDs. Enable debug logging for this logger for a complete list of JARs that were scanned but no TLDs were found in them. Skipping unneeded JARs during scanning can improve startup time and JSP compilation time.
jul 11, 2016 6:26:29 PM org.apache.catalina.startup.HostConfig deployDescriptor
INFORMACIÓN: Deployment of configuration descriptor C:\Program Files\liferay-portal-6.2-ce-ga6\tomcat-7.0.62\conf\Catalina\localhost\ROOT.xml has finished in 126.804 ms
jul 11, 2016 6:26:29 PM org.apache.catalina.startup.HostConfig deployDirectory
INFORMACIÓN: Despliegue del directorio C:\Program Files\liferay-portal-6.2-ce-ga6\tomcat-7.0.62\webapps\calendar-portlet de la aplicación web
jul 11, 2016 6:26:40 PM org.apache.catalina.startup.TldConfig execute
INFORMACIÓN: At least one JAR was scanned for TLDs yet contained no TLDs. Enable debug logging for this logger for a complete list of JARs that were scanned but no TLDs were found in them. Skipping unneeded JARs during scanning can improve startup time and JSP compilation time.
jul 11, 2016 6:26:40 PM org.apache.catalina.startup.HostConfig deployDirectory
INFORMACIÓN: Deployment of web application directory C:\Program Files\liferay-portal-6.2-ce-ga6\tomcat-7.0.62\webapps\calendar-portlet has finished in 10.675 ms
jul 11, 2016 6:26:40 PM org.apache.catalina.startup.HostConfig deployDirectory
INFORMACIÓN: Despliegue del directorio C:\Program Files\liferay-portal-6.2-ce-ga6\tomcat-7.0.62\webapps\kaleo-web de la aplicación web
jul 11, 2016 6:26:57 PM org.apache.catalina.startup.TldConfig execute
INFORMACIÓN: At least one JAR was scanned for TLDs yet contained no TLDs. Enable debug logging for this logger for a complete list of JARs that were scanned but no TLDs were found in them. Skipping unneeded JARs during scanning can improve startup time and JSP compilation time.
jul 11, 2016 6:26:57 PM org.apache.catalina.startup.HostConfig deployDirectory
INFORMACIÓN: Deployment of web application directory C:\Program Files\liferay-portal-6.2-ce-ga6\tomcat-7.0.62\webapps\kaleo-web has finished in 16.602 ms
jul 11, 2016 6:26:57 PM org.apache.catalina.startup.HostConfig deployDirectory
INFORMACIÓN: Despliegue del directorio C:\Program Files\liferay-portal-6.2-ce-ga6\tomcat-7.0.62\webapps\marketplace-portlet de la aplicación web
jul 11, 2016 6:27:01 PM org.apache.catalina.startup.TldConfig execute
INFORMACIÓN: At least one JAR was scanned for TLDs yet contained no TLDs. Enable debug logging for this logger for a complete list of JARs that were scanned but no TLDs were found in them. Skipping unneeded JARs during scanning can improve startup time and JSP compilation time.
jul 11, 2016 6:27:12 PM org.apache.catalina.startup.HostConfig deployDirectory
INFORMACIÓN: Deployment of web application directory C:\Program Files\liferay-portal-6.2-ce-ga6\tomcat-7.0.62\webapps\marketplace-portlet has finished in 15.210 ms
jul 11, 2016 6:27:12 PM org.apache.catalina.startup.HostConfig deployDirectory
INFORMACIÓN: Despliegue del directorio C:\Program Files\liferay-portal-6.2-ce-ga6\tomcat-7.0.62\webapps\notifications-portlet de la aplicación web
jul 11, 2016 6:27:14 PM org.apache.catalina.startup.TldConfig execute
INFORMACIÓN: At least one JAR was scanned for TLDs yet contained no TLDs. Enable debug logging for this logger for a complete list of JARs that were scanned but no TLDs were found in them. Skipping unneeded JARs during scanning can improve startup time and JSP compilation time.
jul 11, 2016 6:27:15 PM org.apache.catalina.startup.HostConfig deployDirectory
INFORMACIÓN: Deployment of web application directory C:\Program Files\liferay-portal-6.2-ce-ga6\tomcat-7.0.62\webapps\notifications-portlet has finished in 3.169 ms
jul 11, 2016 6:27:15 PM org.apache.catalina.startup.HostConfig deployDirectory
INFORMACIÓN: Despliegue del directorio C:\Program Files\liferay-portal-6.2-ce-ga6\tomcat-7.0.62\webapps\opensocial-portlet de la aplicación web
jul 11, 2016 6:27:22 PM org.apache.catalina.startup.TldConfig execute
INFORMACIÓN: At least one JAR was scanned for TLDs yet contained no TLDs. Enable debug logging for this logger for a complete list of JARs that were scanned but no TLDs were found in them. Skipping unneeded JARs during scanning can improve startup time and JSP compilation time.
jul 11, 2016 6:27:24 PM org.apache.catalina.startup.HostConfig deployDirectory
INFORMACIÓN: Deployment of web application directory C:\Program Files\liferay-portal-6.2-ce-ga6\tomcat-7.0.62\webapps\opensocial-portlet has finished in 9.126 ms
jul 11, 2016 6:27:24 PM org.apache.catalina.startup.HostConfig deployDirectory
INFORMACIÓN: Despliegue del directorio C:\Program Files\liferay-portal-6.2-ce-ga6\tomcat-7.0.62\webapps\resources-importer-web de la aplicación web
jul 11, 2016 6:27:25 PM org.apache.shindig.config.JsonContainerConfig loadContainers
INFORMACIÓN: Loading resources from: containers/default/container.js
jul 11, 2016 6:27:25 PM org.apache.shindig.config.JsonContainerConfig loadResources
INFORMACIÓN: Reading container config: containers/default/container.js
jul 11, 2016 6:27:25 PM org.apache.shindig.gadgets.features.FeatureRegistry register
INFORMACIÓN: Loading resources from: res:features-extras/features.txt
jul 11, 2016 6:27:25 PM org.apache.shindig.common.xml.XmlUtil <clinit>
INFORMACIÓN: Reusing document builders
jul 11, 2016 6:27:25 PM org.apache.catalina.startup.TldConfig execute
INFORMACIÓN: At least one JAR was scanned for TLDs yet contained no TLDs. Enable debug logging for this logger for a complete list of JARs that were scanned but no TLDs were found in them. Skipping unneeded JARs during scanning can improve startup time and JSP compilation time.
jul 11, 2016 6:27:26 PM org.apache.catalina.startup.HostConfig deployDirectory
INFORMACIÓN: Deployment of web application directory C:\Program Files\liferay-portal-6.2-ce-ga6\tomcat-7.0.62\webapps\resources-importer-web has finished in 1.487 ms
jul 11, 2016 6:27:26 PM org.apache.catalina.startup.HostConfig deployDirectory
INFORMACIÓN: Despliegue del directorio C:\Program Files\liferay-portal-6.2-ce-ga6\tomcat-7.0.62\webapps\sync-web de la aplicación web
jul 11, 2016 6:27:26 PM org.apache.shindig.gadgets.features.FeatureRegistry register
INFORMACIÓN: Loading resources from: res:features/features.txt
jul 11, 2016 6:27:28 PM org.apache.shindig.gadgets.servlet.CajaContentRewriter <init>
INFORMACIÓN: Cajoled cache createdorg.apache.shindig.common.cache.ehcache.EhConfiguredCache@37589d4e
jul 11, 2016 6:27:28 PM org.apache.shindig.gadgets.servlet.CajaContentRewriter <init>
INFORMACIÓN: Cajoled cache createdorg.apache.shindig.common.cache.ehcache.EhConfiguredCache@37589d4e
jul 11, 2016 6:27:28 PM org.apache.shindig.gadgets.oauth.OAuthModule$OAuthCrypterProvider <init>
INFORMACIÓN: Using random key for OAuth client-side state encryption
jul 11, 2016 6:27:29 PM org.apache.catalina.startup.TldConfig execute
INFORMACIÓN: At least one JAR was scanned for TLDs yet contained no TLDs. Enable debug logging for this logger for a complete list of JARs that were scanned but no TLDs were found in them. Skipping unneeded JARs during scanning can improve startup time and JSP compilation time.
jul 11, 2016 6:27:32 PM org.apache.catalina.startup.HostConfig deployDirectory
INFORMACIÓN: Deployment of web application directory C:\Program Files\liferay-portal-6.2-ce-ga6\tomcat-7.0.62\webapps\sync-web has finished in 5.944 ms
jul 11, 2016 6:27:32 PM org.apache.catalina.startup.HostConfig deployDirectory
INFORMACIÓN: Despliegue del directorio C:\Program Files\liferay-portal-6.2-ce-ga6\tomcat-7.0.62\webapps\web-form-portlet de la aplicación web
jul 11, 2016 6:27:32 PM org.apache.catalina.startup.ExpandWar deleteDir
GRAVE: [C:\Program Files\liferay-portal-6.2-ce-ga6\tomcat-7.0.62\temp\7-web-form-portlet\WEB-INF\releng] no pudo ser completamente borrado. La presencia de los ficheros restantes puede causar problemas
jul 11, 2016 6:27:32 PM org.apache.catalina.startup.ExpandWar deleteDir
GRAVE: [C:\Program Files\liferay-portal-6.2-ce-ga6\tomcat-7.0.62\temp\7-web-form-portlet\WEB-INF] no pudo ser completamente borrado. La presencia de los ficheros restantes puede causar problemas
jul 11, 2016 6:27:32 PM org.apache.catalina.startup.ExpandWar deleteDir
GRAVE: [C:\Program Files\liferay-portal-6.2-ce-ga6\tomcat-7.0.62\temp\7-web-form-portlet] no pudo ser completamente borrado. La presencia de los ficheros restantes puede causar problemas
jul 11, 2016 6:27:32 PM org.apache.catalina.startup.ExpandWar delete
GRAVE: [C:\Program Files\liferay-portal-6.2-ce-ga6\tomcat-7.0.62\temp\7-web-form-portlet] no pudo ser completamente borrado. La presencia de los ficheros restantes puede causar problemas
jul 11, 2016 6:27:36 PM org.apache.catalina.startup.TldConfig execute
INFORMACIÓN: At least one JAR was scanned for TLDs yet contained no TLDs. Enable debug logging for this logger for a complete list of JARs that were scanned but no TLDs were found in them. Skipping unneeded JARs during scanning can improve startup time and JSP compilation time.
jul 11, 2016 6:27:38 PM org.apache.catalina.startup.HostConfig deployDirectory
INFORMACIÓN: Deployment of web application directory C:\Program Files\liferay-portal-6.2-ce-ga6\tomcat-7.0.62\webapps\web-form-portlet has finished in 6.103 ms
jul 11, 2016 6:27:38 PM org.apache.coyote.AbstractProtocol start
INFORMACIÓN: Starting ProtocolHandler ["http-bio-8080"]
jul 11, 2016 6:27:38 PM org.apache.coyote.AbstractProtocol start
INFORMACIÓN: Starting ProtocolHandler ["ajp-bio-8009"]
jul 11, 2016 6:27:38 PM org.apache.catalina.startup.Catalina start
INFORMACIÓN: Server startup in 195233 ms
jul 11, 2016 6:38:18 PM org.apache.catalina.startup.HostConfig deployDescriptor
INFORMACIÓN: Desplieque del descriptor de configuración C:\Program Files\liferay-portal-6.2-ce-ga6\tomcat-7.0.62\conf\Catalina\localhost\Rubisub-theme.xml
jul 11, 2016 6:38:18 PM org.apache.catalina.startup.HostConfig deployDescriptor
ADVERTENCIA: Se ha especificado un docBase C:\Program Files\liferay-portal-6.2-ce-ga6\tomcat-7.0.62\webapps\Rubisub-theme dentro del appBase de la máquina y será ignorado
jul 11, 2016 6:38:18 PM org.apache.catalina.startup.SetContextPropertiesRule begin
ADVERTENCIA: [SetContextPropertiesRule]{Context} Setting property 'source' to 'org.eclipse.jst.jee.server:Rubisub-theme' did not find a matching property.
jul 11, 2016 6:38:21 PM org.apache.catalina.startup.TldConfig execute
INFORMACIÓN: At least one JAR was scanned for TLDs yet contained no TLDs. Enable debug logging for this logger for a complete list of JARs that were scanned but no TLDs were found in them. Skipping unneeded JARs during scanning can improve startup time and JSP compilation time.
jul 11, 2016 6:38:23 PM org.apache.catalina.startup.HostConfig deployDescriptor
INFORMACIÓN: Deployment of configuration descriptor C:\Program Files\liferay-portal-6.2-ce-ga6\tomcat-7.0.62\conf\Catalina\localhost\Rubisub-theme.xml has finished in 5.216 ms
jul 11, 2016 6:41:23 PM org.apache.catalina.core.StandardServer await
INFORMACIÓN: Se ha recibido un comando de apagado a través del puerto de apagado. Parando la instancia del Servidor.
jul 11, 2016 6:41:23 PM org.apache.coyote.AbstractProtocol pause
INFORMACIÓN: Pausing ProtocolHandler ["http-bio-8080"]
jul 11, 2016 6:41:23 PM org.apache.coyote.AbstractProtocol pause
INFORMACIÓN: Pausing ProtocolHandler ["ajp-bio-8009"]
jul 11, 2016 6:41:23 PM org.apache.catalina.core.StandardService stopInternal
INFORMACIÓN: Parando servicio Catalina
jul 11, 2016 6:41:29 PM org.apache.catalina.loader.WebappClassLoader clearReferencesThreads
GRAVE: La aplicación web [] parece haber arrancado un hilo llamado [org.python.google.common.base.internal.Finalizer] pero no ha podido pararlo. Esto tiene todas las papeletas de convertirse en un fallo de memoria.
jul 11, 2016 6:41:40 PM org.apache.coyote.AbstractProtocol stop
INFORMACIÓN: Stopping ProtocolHandler ["http-bio-8080"]
jul 11, 2016 6:41:40 PM org.apache.coyote.AbstractProtocol stop
INFORMACIÓN: Stopping ProtocolHandler ["ajp-bio-8009"]
jul 11, 2016 6:41:40 PM org.apache.coyote.AbstractProtocol destroy
INFORMACIÓN: Destroying ProtocolHandler ["http-bio-8080"]
jul 11, 2016 6:41:40 PM org.apache.coyote.AbstractProtocol destroy
INFORMACIÓN: Destroying ProtocolHandler ["ajp-bio-8009"]
jul 11, 2016 6:41:42 PM org.apache.catalina.startup.VersionLoggerListener log
INFORMACIÓN: Server version:        Apache Tomcat/7.0.62
jul 11, 2016 6:41:42 PM org.apache.catalina.startup.VersionLoggerListener log
INFORMACIÓN: Server built:          May 7 2015 17:14:55 UTC
jul 11, 2016 6:41:42 PM org.apache.catalina.startup.VersionLoggerListener log
INFORMACIÓN: Server number:         7.0.62.0
jul 11, 2016 6:41:42 PM org.apache.catalina.startup.VersionLoggerListener log
INFORMACIÓN: OS Name:               Windows 7
jul 11, 2016 6:41:42 PM org.apache.catalina.startup.VersionLoggerListener log
INFORMACIÓN: OS Version:            6.1
jul 11, 2016 6:41:42 PM org.apache.catalina.startup.VersionLoggerListener log
INFORMACIÓN: Architecture:          amd64
jul 11, 2016 6:41:42 PM org.apache.catalina.startup.VersionLoggerListener log
INFORMACIÓN: Java Home:             C:\Program Files\Java\jre1.8.0_20
jul 11, 2016 6:41:42 PM org.apache.catalina.startup.VersionLoggerListener log
INFORMACIÓN: JVM Version:           1.8.0_20-b26
jul 11, 2016 6:41:42 PM org.apache.catalina.startup.VersionLoggerListener log
INFORMACIÓN: JVM Vendor:            Oracle Corporation
jul 11, 2016 6:41:42 PM org.apache.catalina.startup.VersionLoggerListener log
INFORMACIÓN: CATALINA_BASE:         C:\Program Files\liferay-portal-6.2-ce-ga6\tomcat-7.0.62
jul 11, 2016 6:41:42 PM org.apache.catalina.startup.VersionLoggerListener log
INFORMACIÓN: CATALINA_HOME:         C:\Program Files\liferay-portal-6.2-ce-ga6\tomcat-7.0.62
jul 11, 2016 6:41:42 PM org.apache.catalina.startup.VersionLoggerListener log
INFORMACIÓN: Command line argument: -Duser.timezone=GMT
jul 11, 2016 6:41:42 PM org.apache.catalina.startup.VersionLoggerListener log
INFORMACIÓN: Command line argument: -Dfile.encoding=UTF8
jul 11, 2016 6:41:42 PM org.apache.catalina.startup.VersionLoggerListener log
INFORMACIÓN: Command line argument: -Dorg.apache.catalina.loader.WebappClassLoader.ENABLE_CLEAR_REFERENCES=false
jul 11, 2016 6:41:42 PM org.apache.catalina.startup.VersionLoggerListener log
INFORMACIÓN: Command line argument: -Djava.util.logging.manager=org.apache.juli.ClassLoaderLogManager
jul 11, 2016 6:41:42 PM org.apache.catalina.startup.VersionLoggerListener log
INFORMACIÓN: Command line argument: -Djava.net.preferIPv4Stack=true
jul 11, 2016 6:41:42 PM org.apache.catalina.startup.VersionLoggerListener log
INFORMACIÓN: Command line argument: -Djava.util.logging.config.file=C:\Program Files\liferay-portal-6.2-ce-ga6\tomcat-7.0.62/conf/logging.properties
jul 11, 2016 6:41:42 PM org.apache.catalina.startup.VersionLoggerListener log
INFORMACIÓN: Command line argument: -Djava.io.tmpdir=C:\Program Files\liferay-portal-6.2-ce-ga6\tomcat-7.0.62/temp
jul 11, 2016 6:41:42 PM org.apache.catalina.startup.VersionLoggerListener log
INFORMACIÓN: Command line argument: -Dexternal-properties=C:\Program Files\liferay-portal-6.2-ce-ga6\portal-ide.properties
jul 11, 2016 6:41:42 PM org.apache.catalina.startup.VersionLoggerListener log
INFORMACIÓN: Command line argument: -Dcatalina.base=C:\Program Files\liferay-portal-6.2-ce-ga6\tomcat-7.0.62
jul 11, 2016 6:41:42 PM org.apache.catalina.startup.VersionLoggerListener log
INFORMACIÓN: Command line argument: -Dcatalina.home=C:\Program Files\liferay-portal-6.2-ce-ga6\tomcat-7.0.62
jul 11, 2016 6:41:42 PM org.apache.catalina.startup.VersionLoggerListener log
INFORMACIÓN: Command line argument: -Dwtp.deploy=C:\Program Files\liferay-portal-6.2-ce-ga6\tomcat-7.0.62\webapps
jul 11, 2016 6:41:42 PM org.apache.catalina.startup.VersionLoggerListener log
INFORMACIÓN: Command line argument: -Djava.endorsed.dirs=C:\Program Files\liferay-portal-6.2-ce-ga6\tomcat-7.0.62\endorsed
jul 11, 2016 6:41:42 PM org.apache.catalina.startup.VersionLoggerListener log
INFORMACIÓN: Command line argument: -Xmx1024m
jul 11, 2016 6:41:42 PM org.apache.catalina.startup.VersionLoggerListener log
INFORMACIÓN: Command line argument: -XX:MaxPermSize=256m
jul 11, 2016 6:41:42 PM org.apache.catalina.core.AprLifecycleListener lifecycleEvent
INFORMACIÓN: La biblioteca nativa de Apache Tomcat basada en ARP que permite un rendimiento óptimo en entornos de desarrollo no ha sido hallada en java.library.path: C:\Program Files\Java\jre1.8.0_20\bin;C:\Windows\Sun\Java\bin;C:\Windows\system32;C:\Windows;C:\ProgramData\Oracle\Java\javapath;C:\Windows\system32;C:\Windows;C:\Windows\System32\Wbem;C:\Windows\System32\WindowsPowerShell\v1.0\;C:\Program Files\Intel\WiFi\bin\;C:\Program Files\Common Files\Intel\WirelessCommon\;C:\Program Files\MATLAB\R2011a\runtime\win64;C:\Program Files\MATLAB\R2011a\bin;C:\Program Files (x86)\Microsoft SQL Server\100\Tools\Binn\;C:\Program Files\Microsoft SQL Server\100\Tools\Binn\;C:\Program Files\Microsoft SQL Server\100\DTS\Binn\;C:\Program Files\MiKTeX 2.9\miktex\bin\x64\;C:\Program Files\Intel\WiFi\bin\;C:\Program Files\Common Files\Intel\WirelessCommon\;.
jul 11, 2016 6:41:43 PM org.apache.coyote.AbstractProtocol init
INFORMACIÓN: Initializing ProtocolHandler ["http-bio-8080"]
jul 11, 2016 6:41:43 PM org.apache.coyote.AbstractProtocol init
INFORMACIÓN: Initializing ProtocolHandler ["ajp-bio-8009"]
jul 11, 2016 6:41:43 PM org.apache.catalina.startup.Catalina load
INFORMACIÓN: Initialization processed in 1531 ms
jul 11, 2016 6:41:43 PM org.apache.catalina.core.StandardService startInternal
INFORMACIÓN: Arrancando servicio Catalina
jul 11, 2016 6:41:43 PM org.apache.catalina.core.StandardEngine startInternal
INFORMACIÓN: Starting Servlet Engine: Apache Tomcat/7.0.62
jul 11, 2016 6:41:43 PM org.apache.catalina.startup.HostConfig deployDescriptor
INFORMACIÓN: Desplieque del descriptor de configuración C:\Program Files\liferay-portal-6.2-ce-ga6\tomcat-7.0.62\conf\Catalina\localhost\ROOT.xml
jul 11, 2016 6:42:15 PM org.apache.catalina.startup.TldConfig execute
INFORMACIÓN: At least one JAR was scanned for TLDs yet contained no TLDs. Enable debug logging for this logger for a complete list of JARs that were scanned but no TLDs were found in them. Skipping unneeded JARs during scanning can improve startup time and JSP compilation time.
jul 11, 2016 6:43:17 PM org.apache.catalina.startup.HostConfig deployDescriptor
INFORMACIÓN: Deployment of configuration descriptor C:\Program Files\liferay-portal-6.2-ce-ga6\tomcat-7.0.62\conf\Catalina\localhost\ROOT.xml has finished in 93.575 ms
jul 11, 2016 6:43:17 PM org.apache.catalina.startup.HostConfig deployDescriptor
INFORMACIÓN: Desplieque del descriptor de configuración C:\Program Files\liferay-portal-6.2-ce-ga6\tomcat-7.0.62\conf\Catalina\localhost\Rubisub-theme.xml
jul 11, 2016 6:43:17 PM org.apache.catalina.startup.HostConfig deployDescriptor
ADVERTENCIA: Se ha especificado un docBase C:\Program Files\liferay-portal-6.2-ce-ga6\tomcat-7.0.62\webapps\Rubisub-theme dentro del appBase de la máquina y será ignorado
jul 11, 2016 6:43:17 PM org.apache.catalina.startup.SetContextPropertiesRule begin
ADVERTENCIA: [SetContextPropertiesRule]{Context} Setting property 'source' to 'org.eclipse.jst.jee.server:Rubisub-theme' did not find a matching property.
jul 11, 2016 6:43:18 PM org.apache.catalina.startup.TldConfig execute
INFORMACIÓN: At least one JAR was scanned for TLDs yet contained no TLDs. Enable debug logging for this logger for a complete list of JARs that were scanned but no TLDs were found in them. Skipping unneeded JARs during scanning can improve startup time and JSP compilation time.
jul 11, 2016 6:43:18 PM org.apache.catalina.startup.HostConfig deployDescriptor
INFORMACIÓN: Deployment of configuration descriptor C:\Program Files\liferay-portal-6.2-ce-ga6\tomcat-7.0.62\conf\Catalina\localhost\Rubisub-theme.xml has finished in 1.033 ms
jul 11, 2016 6:43:18 PM org.apache.catalina.startup.HostConfig deployDirectory
INFORMACIÓN: Despliegue del directorio C:\Program Files\liferay-portal-6.2-ce-ga6\tomcat-7.0.62\webapps\calendar-portlet de la aplicación web
jul 11, 2016 6:43:26 PM org.apache.catalina.startup.TldConfig execute
INFORMACIÓN: At least one JAR was scanned for TLDs yet contained no TLDs. Enable debug logging for this logger for a complete list of JARs that were scanned but no TLDs were found in them. Skipping unneeded JARs during scanning can improve startup time and JSP compilation time.
jul 11, 2016 6:43:26 PM org.apache.catalina.startup.HostConfig deployDirectory
INFORMACIÓN: Deployment of web application directory C:\Program Files\liferay-portal-6.2-ce-ga6\tomcat-7.0.62\webapps\calendar-portlet has finished in 8.046 ms
jul 11, 2016 6:43:26 PM org.apache.catalina.startup.HostConfig deployDirectory
INFORMACIÓN: Despliegue del directorio C:\Program Files\liferay-portal-6.2-ce-ga6\tomcat-7.0.62\webapps\kaleo-web de la aplicación web
jul 11, 2016 6:43:35 PM org.apache.catalina.startup.TldConfig execute
INFORMACIÓN: At least one JAR was scanned for TLDs yet contained no TLDs. Enable debug logging for this logger for a complete list of JARs that were scanned but no TLDs were found in them. Skipping unneeded JARs during scanning can improve startup time and JSP compilation time.
jul 11, 2016 6:43:35 PM org.apache.catalina.startup.HostConfig deployDirectory
INFORMACIÓN: Deployment of web application directory C:\Program Files\liferay-portal-6.2-ce-ga6\tomcat-7.0.62\webapps\kaleo-web has finished in 9.430 ms
jul 11, 2016 6:43:35 PM org.apache.catalina.startup.HostConfig deployDirectory
INFORMACIÓN: Despliegue del directorio C:\Program Files\liferay-portal-6.2-ce-ga6\tomcat-7.0.62\webapps\marketplace-portlet de la aplicación web
jul 11, 2016 6:43:37 PM org.apache.catalina.startup.TldConfig execute
INFORMACIÓN: At least one JAR was scanned for TLDs yet contained no TLDs. Enable debug logging for this logger for a complete list of JARs that were scanned but no TLDs were found in them. Skipping unneeded JARs during scanning can improve startup time and JSP compilation time.
jul 11, 2016 6:43:49 PM org.apache.catalina.startup.HostConfig deployDirectory
INFORMACIÓN: Deployment of web application directory C:\Program Files\liferay-portal-6.2-ce-ga6\tomcat-7.0.62\webapps\marketplace-portlet has finished in 13.535 ms
jul 11, 2016 6:43:49 PM org.apache.catalina.startup.HostConfig deployDirectory
INFORMACIÓN: Despliegue del directorio C:\Program Files\liferay-portal-6.2-ce-ga6\tomcat-7.0.62\webapps\notifications-portlet de la aplicación web
jul 11, 2016 6:43:50 PM org.apache.catalina.startup.TldConfig execute
INFORMACIÓN: At least one JAR was scanned for TLDs yet contained no TLDs. Enable debug logging for this logger for a complete list of JARs that were scanned but no TLDs were found in them. Skipping unneeded JARs during scanning can improve startup time and JSP compilation time.
jul 11, 2016 6:43:51 PM org.apache.catalina.startup.HostConfig deployDirectory
INFORMACIÓN: Deployment of web application directory C:\Program Files\liferay-portal-6.2-ce-ga6\tomcat-7.0.62\webapps\notifications-portlet has finished in 2.219 ms
jul 11, 2016 6:43:51 PM org.apache.catalina.startup.HostConfig deployDirectory
INFORMACIÓN: Despliegue del directorio C:\Program Files\liferay-portal-6.2-ce-ga6\tomcat-7.0.62\webapps\opensocial-portlet de la aplicación web
jul 11, 2016 6:43:55 PM org.apache.catalina.startup.TldConfig execute
INFORMACIÓN: At least one JAR was scanned for TLDs yet contained no TLDs. Enable debug logging for this logger for a complete list of JARs that were scanned but no TLDs were found in them. Skipping unneeded JARs during scanning can improve startup time and JSP compilation time.
jul 11, 2016 6:43:56 PM org.apache.catalina.startup.HostConfig deployDirectory
INFORMACIÓN: Deployment of web application directory C:\Program Files\liferay-portal-6.2-ce-ga6\tomcat-7.0.62\webapps\opensocial-portlet has finished in 5.529 ms
jul 11, 2016 6:43:56 PM org.apache.catalina.startup.HostConfig deployDirectory
INFORMACIÓN: Despliegue del directorio C:\Program Files\liferay-portal-6.2-ce-ga6\tomcat-7.0.62\webapps\resources-importer-web de la aplicación web
jul 11, 2016 6:43:57 PM org.apache.shindig.config.JsonContainerConfig loadContainers
INFORMACIÓN: Loading resources from: containers/default/container.js
jul 11, 2016 6:43:57 PM org.apache.shindig.config.JsonContainerConfig loadResources
INFORMACIÓN: Reading container config: containers/default/container.js
jul 11, 2016 6:43:58 PM org.apache.shindig.gadgets.features.FeatureRegistry register
INFORMACIÓN: Loading resources from: res:features-extras/features.txt
jul 11, 2016 6:43:58 PM org.apache.shindig.common.xml.XmlUtil <clinit>
INFORMACIÓN: Reusing document builders
jul 11, 2016 6:43:58 PM org.apache.catalina.startup.TldConfig execute
INFORMACIÓN: At least one JAR was scanned for TLDs yet contained no TLDs. Enable debug logging for this logger for a complete list of JARs that were scanned but no TLDs were found in them. Skipping unneeded JARs during scanning can improve startup time and JSP compilation time.
jul 11, 2016 6:43:58 PM org.apache.catalina.startup.HostConfig deployDirectory
INFORMACIÓN: Deployment of web application directory C:\Program Files\liferay-portal-6.2-ce-ga6\tomcat-7.0.62\webapps\resources-importer-web has finished in 2.140 ms
jul 11, 2016 6:43:58 PM org.apache.catalina.startup.HostConfig deployDirectory
INFORMACIÓN: Despliegue del directorio C:\Program Files\liferay-portal-6.2-ce-ga6\tomcat-7.0.62\webapps\sync-web de la aplicación web
jul 11, 2016 6:43:59 PM org.apache.shindig.gadgets.features.FeatureRegistry register
INFORMACIÓN: Loading resources from: res:features/features.txt
jul 11, 2016 6:44:03 PM org.apache.catalina.startup.TldConfig execute
INFORMACIÓN: At least one JAR was scanned for TLDs yet contained no TLDs. Enable debug logging for this logger for a complete list of JARs that were scanned but no TLDs were found in them. Skipping unneeded JARs during scanning can improve startup time and JSP compilation time.
jul 11, 2016 6:44:05 PM org.apache.shindig.gadgets.servlet.CajaContentRewriter <init>
INFORMACIÓN: Cajoled cache createdorg.apache.shindig.common.cache.ehcache.EhConfiguredCache@3b1fb228
jul 11, 2016 6:44:06 PM org.apache.shindig.gadgets.servlet.CajaContentRewriter <init>
INFORMACIÓN: Cajoled cache createdorg.apache.shindig.common.cache.ehcache.EhConfiguredCache@3b1fb228
jul 11, 2016 6:44:06 PM org.apache.shindig.gadgets.oauth.OAuthModule$OAuthCrypterProvider <init>
INFORMACIÓN: Using random key for OAuth client-side state encryption
jul 11, 2016 6:44:06 PM org.apache.catalina.startup.HostConfig deployDirectory
INFORMACIÓN: Deployment of web application directory C:\Program Files\liferay-portal-6.2-ce-ga6\tomcat-7.0.62\webapps\sync-web has finished in 7.279 ms
jul 11, 2016 6:44:06 PM org.apache.catalina.startup.HostConfig deployDirectory
INFORMACIÓN: Despliegue del directorio C:\Program Files\liferay-portal-6.2-ce-ga6\tomcat-7.0.62\webapps\web-form-portlet de la aplicación web
jul 11, 2016 6:44:07 PM org.apache.catalina.startup.TldConfig execute
INFORMACIÓN: At least one JAR was scanned for TLDs yet contained no TLDs. Enable debug logging for this logger for a complete list of JARs that were scanned but no TLDs were found in them. Skipping unneeded JARs during scanning can improve startup time and JSP compilation time.
jul 11, 2016 6:44:08 PM org.apache.catalina.startup.HostConfig deployDirectory
INFORMACIÓN: Deployment of web application directory C:\Program Files\liferay-portal-6.2-ce-ga6\tomcat-7.0.62\webapps\web-form-portlet has finished in 1.897 ms
jul 11, 2016 6:44:08 PM org.apache.coyote.AbstractProtocol start
INFORMACIÓN: Starting ProtocolHandler ["http-bio-8080"]
jul 11, 2016 6:44:08 PM org.apache.coyote.AbstractProtocol start
INFORMACIÓN: Starting ProtocolHandler ["ajp-bio-8009"]
jul 11, 2016 6:44:08 PM org.apache.catalina.startup.Catalina start
INFORMACIÓN: Server startup in 144790 ms
