18:25:20,773 INFO  [localhost-startStop-1][DialectDetector:71] Determine dialect for HSQL Database Engine 2
18:25:20,777 WARN  [localhost-startStop-1][DialectDetector:86] Liferay is configured to use Hypersonic as its database. Do NOT use Hypersonic in production. Hypersonic is an embedded database useful for development and demo'ing purposes. The database settings can be changed in portal-ext.properties.
18:25:20,822 INFO  [localhost-startStop-1][DialectDetector:136] Found dialect org.hibernate.dialect.HSQLDialect
18:25:46,490 INFO  [localhost-startStop-1][StartupAction:97] There are no patches installed
18:25:47,119 INFO  [localhost-startStop-1][BaseDB:481] Database supports case sensitive queries
18:25:47,538 INFO  [localhost-startStop-1][ServerDetector:140] Server supports hot deploy
18:25:47,546 INFO  [localhost-startStop-1][PluginPackageUtil:1013] Reading plugin package for the root context
18:26:25,171 INFO  [localhost-startStop-1][AutoDeployDir:139] Auto deploy scanner started for C:\Program Files\liferay-portal-6.2-ce-ga6\deploy
18:26:40,556 INFO  [localhost-startStop-1][HotDeployEvent:145] Plugin calendar-portlet requires marketplace-portlet
18:26:40,600 INFO  [localhost-startStop-1][HotDeployImpl:276] Queueing calendar-portlet for deploy because it is missing marketplace-portlet
18:26:57,203 INFO  [localhost-startStop-1][HotDeployEvent:145] Plugin kaleo-web requires marketplace-portlet
18:26:57,204 INFO  [localhost-startStop-1][HotDeployImpl:276] Queueing kaleo-web for deploy because it is missing marketplace-portlet
18:27:01,543 INFO  [localhost-startStop-1][HotDeployImpl:217] Deploying marketplace-portlet from queue
18:27:01,545 INFO  [localhost-startStop-1][PluginPackageUtil:1016] Reading plugin package for marketplace-portlet
18:27:02,722 INFO  [localhost-startStop-1][HookHotDeployListener:709] Registering hook for marketplace-portlet
18:27:02,836 INFO  [localhost-startStop-1][HookHotDeployListener:851] Hook for marketplace-portlet is available for use
18:27:02,841 INFO  [localhost-startStop-1][PortletHotDeployListener:344] Registering portlets for marketplace-portlet
18:27:03,037 INFO  [localhost-startStop-1][PortletHotDeployListener:497] 3 portlets for marketplace-portlet are available for use
18:27:03,039 INFO  [localhost-startStop-1][HotDeployImpl:217] Deploying calendar-portlet from queue
18:27:03,039 INFO  [localhost-startStop-1][PluginPackageUtil:1016] Reading plugin package for calendar-portlet
18:27:05,267 INFO  [localhost-startStop-1][HookHotDeployListener:709] Registering hook for calendar-portlet
18:27:06,683 INFO  [localhost-startStop-1][HookHotDeployListener:851] Hook for calendar-portlet is available for use
18:27:06,699 INFO  [localhost-startStop-1][PortletHotDeployListener:344] Registering portlets for calendar-portlet
18:27:07,006 INFO  [localhost-startStop-1][PortletHotDeployListener:492] 1 portlet for calendar-portlet is available for use
18:27:07,007 INFO  [localhost-startStop-1][SocialHotDeployListener:94] Registering social for calendar-portlet
18:27:07,008 INFO  [localhost-startStop-1][SocialHotDeployListener:103] Social for calendar-portlet is available for use
18:27:07,009 INFO  [localhost-startStop-1][HotDeployImpl:217] Deploying kaleo-web from queue
18:27:07,009 INFO  [localhost-startStop-1][PluginPackageUtil:1016] Reading plugin package for kaleo-web
18:27:12,051 INFO  [localhost-startStop-1][HookHotDeployListener:709] Registering hook for kaleo-web
18:27:12,088 INFO  [localhost-startStop-1][HookHotDeployListener:851] Hook for kaleo-web is available for use
18:27:14,878 INFO  [localhost-startStop-1][HotDeployEvent:145] Plugin notifications-portlet requires marketplace-portlet
18:27:14,879 INFO  [localhost-startStop-1][HotDeployImpl:217] Deploying notifications-portlet from queue
18:27:14,879 INFO  [localhost-startStop-1][PluginPackageUtil:1016] Reading plugin package for notifications-portlet
18:27:15,218 INFO  [localhost-startStop-1][HookHotDeployListener:709] Registering hook for notifications-portlet
18:27:15,433 INFO  [localhost-startStop-1][HookHotDeployListener:851] Hook for notifications-portlet is available for use
18:27:15,435 INFO  [localhost-startStop-1][PortletHotDeployListener:344] Registering portlets for notifications-portlet
18:27:15,558 INFO  [localhost-startStop-1][PortletHotDeployListener:497] 2 portlets for notifications-portlet are available for use
18:27:22,394 INFO  [localhost-startStop-1][HotDeployEvent:145] Plugin opensocial-portlet requires marketplace-portlet
18:27:22,395 INFO  [localhost-startStop-1][HotDeployImpl:217] Deploying opensocial-portlet from queue
18:27:22,395 INFO  [localhost-startStop-1][PluginPackageUtil:1016] Reading plugin package for opensocial-portlet
18:27:23,566 INFO  [localhost-startStop-1][HookHotDeployListener:709] Registering hook for opensocial-portlet
18:27:23,617 INFO  [localhost-startStop-1][HookHotDeployListener:851] Hook for opensocial-portlet is available for use
18:27:23,620 INFO  [localhost-startStop-1][PortletHotDeployListener:344] Registering portlets for opensocial-portlet
18:27:24,405 INFO  [localhost-startStop-1][PortletHotDeployListener:497] 4 portlets for opensocial-portlet are available for use
18:27:25,980 INFO  [localhost-startStop-1][HotDeployEvent:145] Plugin resources-importer-web requires marketplace-portlet
18:27:25,980 INFO  [localhost-startStop-1][HotDeployImpl:217] Deploying resources-importer-web from queue
18:27:25,981 INFO  [localhost-startStop-1][PluginPackageUtil:1016] Reading plugin package for resources-importer-web
18:27:26,178 INFO  [localhost-startStop-1][HookHotDeployListener:709] Registering hook for resources-importer-web
18:27:26,185 INFO  [localhost-startStop-1][HookHotDeployListener:851] Hook for resources-importer-web is available for use
18:27:29,799 INFO  [localhost-startStop-1][HotDeployEvent:145] Plugin sync-web requires marketplace-portlet
18:27:29,800 INFO  [localhost-startStop-1][HotDeployImpl:217] Deploying sync-web from queue
18:27:29,800 INFO  [localhost-startStop-1][PluginPackageUtil:1016] Reading plugin package for sync-web
18:27:30,399 INFO  [localhost-startStop-1][HookHotDeployListener:709] Registering hook for sync-web
18:27:31,997 INFO  [localhost-startStop-1][HookHotDeployListener:851] Hook for sync-web is available for use
18:27:36,429 INFO  [localhost-startStop-1][HotDeployEvent:145] Plugin web-form-portlet requires marketplace-portlet
18:27:36,430 INFO  [localhost-startStop-1][HotDeployImpl:217] Deploying web-form-portlet from queue
18:27:36,430 INFO  [localhost-startStop-1][PluginPackageUtil:1016] Reading plugin package for web-form-portlet
18:27:37,076 INFO  [localhost-startStop-1][PortletHotDeployListener:344] Registering portlets for web-form-portlet
18:27:38,204 INFO  [localhost-startStop-1][PortletHotDeployListener:492] 1 portlet for web-form-portlet is available for use
18:38:15,672 INFO  [com.liferay.portal.kernel.deploy.auto.AutoDeployScanner][AutoDeployDir:204] Processing Rubisub-theme.xml
18:38:15,746 INFO  [com.liferay.portal.kernel.deploy.auto.AutoDeployScanner][ThemeExplodedTomcatListener:48] Modifying themes for C:\Program Files\liferay-portal-6.2-ce-ga6\deploy\Rubisub-theme.xml
18:38:16,461 INFO  [com.liferay.portal.kernel.deploy.auto.AutoDeployScanner][BaseDeployer:2391] Modifying Servlet 2.4 C:\Program Files\liferay-portal-6.2-ce-ga6\tomcat-7.0.62\webapps\Rubisub-theme\WEB-INF\web.xml
18:38:16,462 INFO  [com.liferay.portal.kernel.deploy.auto.AutoDeployScanner][ThemeExplodedTomcatListener:54] Themes for C:\Program Files\liferay-portal-6.2-ce-ga6\deploy\Rubisub-theme.xml modified successfully
18:38:16,462 INFO  [com.liferay.portal.kernel.deploy.auto.AutoDeployScanner][BaseExplodedTomcatListener:49] Copying file C:\Program Files\liferay-portal-6.2-ce-ga6\deploy\Rubisub-theme.xml to C:\Program Files\liferay-portal-6.2-ce-ga6\tomcat-7.0.62\conf\Catalina\localhost
18:38:21,646 INFO  [localhost-startStop-2][HotDeployEvent:145] Plugin Rubisub-theme requires marketplace-portlet
18:38:21,647 INFO  [localhost-startStop-2][HotDeployImpl:217] Deploying Rubisub-theme from queue
18:38:21,648 INFO  [localhost-startStop-2][PluginPackageUtil:1016] Reading plugin package for Rubisub-theme
18:38:21,783 INFO  [localhost-startStop-2][ThemeHotDeployListener:98] Registering themes for Rubisub-theme
18:38:23,884 INFO  [localhost-startStop-2][ThemeHotDeployListener:113] 1 theme for Rubisub-theme is available for use
18:38:25,479 INFO  [liferay/hot_deploy-1][ResourcesImporterHotDeployMessageListener:129] Importing resources from Rubisub-theme to group 21302 takes 632 ms
18:41:23,342 INFO  [localhost-startStop-3][HotDeployEvent:145] Plugin Rubisub-theme requires marketplace-portlet
18:41:23,374 INFO  [localhost-startStop-3][ThemeHotDeployListener:140] Unregistering themes for Rubisub-theme
18:41:23,374 INFO  [localhost-startStop-3][ThemeHotDeployListener:172] 1 theme for Rubisub-theme was unregistered
18:41:23,390 INFO  [localhost-startStop-3][PluginPackageUtil:1016] Reading plugin package for Rubisub-theme
18:41:23,406 INFO  [localhost-startStop-3][HotDeployEvent:145] Plugin web-form-portlet requires marketplace-portlet
18:41:23,406 INFO  [localhost-startStop-3][PortletHotDeployListener:525] Unregistering portlets for web-form-portlet
18:41:23,515 INFO  [localhost-startStop-3][PortletHotDeployListener:560] 1 portlet for web-form-portlet was unregistered
18:41:23,515 INFO  [localhost-startStop-3][PluginPackageUtil:1016] Reading plugin package for web-form-portlet
18:41:23,608 INFO  [localhost-startStop-3][HotDeployEvent:145] Plugin sync-web requires marketplace-portlet
18:41:23,608 INFO  [localhost-startStop-3][HookHotDeployListener:982] Hook for sync-web was unregistered
18:41:24,093 INFO  [localhost-startStop-3][PluginPackageUtil:1016] Reading plugin package for sync-web
18:41:24,124 INFO  [localhost-startStop-3][HotDeployEvent:145] Plugin resources-importer-web requires marketplace-portlet
18:41:24,202 INFO  [localhost-startStop-3][HookHotDeployListener:982] Hook for resources-importer-web was unregistered
18:41:24,202 INFO  [localhost-startStop-3][PluginPackageUtil:1016] Reading plugin package for resources-importer-web
18:41:24,266 INFO  [localhost-startStop-3][HotDeployEvent:145] Plugin opensocial-portlet requires marketplace-portlet
18:41:24,266 INFO  [localhost-startStop-3][PortletHotDeployListener:525] Unregistering portlets for opensocial-portlet
18:41:24,281 INFO  [localhost-startStop-3][PortletHotDeployListener:565] 4 portlets for opensocial-portlet were unregistered
18:41:24,359 INFO  [localhost-startStop-3][HookHotDeployListener:982] Hook for opensocial-portlet was unregistered
18:41:25,314 INFO  [localhost-startStop-3][PluginPackageUtil:1016] Reading plugin package for opensocial-portlet
18:41:25,345 INFO  [localhost-startStop-3][HotDeployEvent:145] Plugin notifications-portlet requires marketplace-portlet
18:41:25,345 INFO  [localhost-startStop-3][PortletHotDeployListener:525] Unregistering portlets for notifications-portlet
18:41:25,345 INFO  [localhost-startStop-3][PortletHotDeployListener:565] 2 portlets for notifications-portlet were unregistered
18:41:25,534 INFO  [localhost-startStop-3][HookHotDeployListener:982] Hook for notifications-portlet was unregistered
18:41:25,534 INFO  [localhost-startStop-3][PluginPackageUtil:1016] Reading plugin package for notifications-portlet
18:41:25,644 INFO  [localhost-startStop-3][PortletHotDeployListener:525] Unregistering portlets for marketplace-portlet
18:41:25,644 INFO  [localhost-startStop-3][PortletHotDeployListener:565] 3 portlets for marketplace-portlet were unregistered
18:41:25,644 INFO  [localhost-startStop-3][HookHotDeployListener:982] Hook for marketplace-portlet was unregistered
18:41:25,847 INFO  [localhost-startStop-3][PluginPackageUtil:1016] Reading plugin package for marketplace-portlet
18:41:25,863 INFO  [localhost-startStop-3][HotDeployEvent:145] Plugin kaleo-web requires marketplace-portlet
18:41:25,863 INFO  [localhost-startStop-3][HookHotDeployListener:982] Hook for kaleo-web was unregistered
18:41:26,190 INFO  [localhost-startStop-3][PluginPackageUtil:1016] Reading plugin package for kaleo-web
18:41:26,456 INFO  [localhost-startStop-3][HotDeployEvent:145] Plugin calendar-portlet requires marketplace-portlet
18:41:26,456 INFO  [localhost-startStop-3][SocialHotDeployListener:159] Social for calendar-portlet was unregistered
18:41:26,456 INFO  [localhost-startStop-3][PortletHotDeployListener:525] Unregistering portlets for calendar-portlet
18:41:26,456 INFO  [localhost-startStop-3][PortletHotDeployListener:560] 1 portlet for calendar-portlet was unregistered
18:41:26,518 INFO  [localhost-startStop-3][HookHotDeployListener:982] Hook for calendar-portlet was unregistered
18:41:26,799 INFO  [com.liferay.portal.kernel.deploy.auto.AutoDeployScanner][AutoDeployDir:204] Processing marketplace-portlet-6.2.0.1.war
18:41:26,799 INFO  [com.liferay.portal.kernel.deploy.auto.AutoDeployScanner][PortletAutoDeployListener:79] Copying portlets for C:\Program Files\liferay-portal-6.2-ce-ga6\deploy\marketplace-portlet-6.2.0.1.war
18:41:26,940 INFO  [localhost-startStop-3][PluginPackageUtil:1016] Reading plugin package for calendar-portlet
18:41:26,971 INFO  [com.liferay.portal.kernel.deploy.auto.AutoDeployScanner][BaseDeployer:863] Deploying marketplace-portlet-6.2.0.1.war
18:41:27,081 INFO  [com.liferay.portal.kernel.deploy.auto.AutoDeployScanner][BaseDeployer:966] Updating Marketplace from version 6.2.0.3 to version 6.2.0.1
18:41:27,081 INFO  [com.liferay.portal.kernel.deploy.auto.AutoDeployScanner][BaseDeployer:975] Not updating Marketplace because version 6.2.0.3 is newer than version 6.2.0.1
18:42:23,139 INFO  [localhost-startStop-1][DialectDetector:71] Determine dialect for HSQL Database Engine 2
18:42:23,155 WARN  [localhost-startStop-1][DialectDetector:86] Liferay is configured to use Hypersonic as its database. Do NOT use Hypersonic in production. Hypersonic is an embedded database useful for development and demo'ing purposes. The database settings can be changed in portal-ext.properties.
18:42:23,218 INFO  [localhost-startStop-1][DialectDetector:136] Found dialect org.hibernate.dialect.HSQLDialect
18:42:47,600 INFO  [localhost-startStop-1][StartupAction:97] There are no patches installed
18:42:48,459 INFO  [localhost-startStop-1][BaseDB:481] Database supports case sensitive queries
18:42:48,896 INFO  [localhost-startStop-1][ServerDetector:140] Server supports hot deploy
18:42:48,911 INFO  [localhost-startStop-1][PluginPackageUtil:1013] Reading plugin package for the root context
18:43:12,285 INFO  [localhost-startStop-1][AutoDeployDir:139] Auto deploy scanner started for C:\Program Files\liferay-portal-6.2-ce-ga6\deploy
18:43:18,047 INFO  [localhost-startStop-1][HotDeployEvent:145] Plugin Rubisub-theme requires marketplace-portlet
18:43:18,091 INFO  [localhost-startStop-1][HotDeployImpl:276] Queueing Rubisub-theme for deploy because it is missing marketplace-portlet
18:43:26,136 INFO  [localhost-startStop-1][HotDeployEvent:145] Plugin calendar-portlet requires marketplace-portlet
18:43:26,137 INFO  [localhost-startStop-1][HotDeployImpl:276] Queueing calendar-portlet for deploy because it is missing marketplace-portlet
18:43:35,565 INFO  [localhost-startStop-1][HotDeployEvent:145] Plugin kaleo-web requires marketplace-portlet
18:43:35,566 INFO  [localhost-startStop-1][HotDeployImpl:276] Queueing kaleo-web for deploy because it is missing marketplace-portlet
18:43:37,233 INFO  [localhost-startStop-1][HotDeployImpl:217] Deploying marketplace-portlet from queue
18:43:37,236 INFO  [localhost-startStop-1][PluginPackageUtil:1016] Reading plugin package for marketplace-portlet
18:43:38,575 INFO  [localhost-startStop-1][HookHotDeployListener:709] Registering hook for marketplace-portlet
18:43:38,669 INFO  [localhost-startStop-1][HookHotDeployListener:851] Hook for marketplace-portlet is available for use
18:43:38,673 INFO  [localhost-startStop-1][PortletHotDeployListener:344] Registering portlets for marketplace-portlet
18:43:38,874 INFO  [localhost-startStop-1][PortletHotDeployListener:497] 3 portlets for marketplace-portlet are available for use
18:43:38,876 INFO  [localhost-startStop-1][HotDeployImpl:217] Deploying Rubisub-theme from queue
18:43:38,877 INFO  [localhost-startStop-1][PluginPackageUtil:1016] Reading plugin package for Rubisub-theme
18:43:38,995 INFO  [localhost-startStop-1][ThemeHotDeployListener:98] Registering themes for Rubisub-theme
18:43:41,164 INFO  [localhost-startStop-1][ThemeHotDeployListener:113] 1 theme for Rubisub-theme is available for use
18:43:41,164 INFO  [localhost-startStop-1][HotDeployImpl:217] Deploying calendar-portlet from queue
18:43:41,165 INFO  [localhost-startStop-1][PluginPackageUtil:1016] Reading plugin package for calendar-portlet
18:43:43,211 INFO  [localhost-startStop-1][HookHotDeployListener:709] Registering hook for calendar-portlet
18:43:44,715 INFO  [localhost-startStop-1][HookHotDeployListener:851] Hook for calendar-portlet is available for use
18:43:44,735 INFO  [localhost-startStop-1][PortletHotDeployListener:344] Registering portlets for calendar-portlet
18:43:45,030 INFO  [localhost-startStop-1][PortletHotDeployListener:492] 1 portlet for calendar-portlet is available for use
18:43:45,032 INFO  [localhost-startStop-1][SocialHotDeployListener:94] Registering social for calendar-portlet
18:43:45,034 INFO  [localhost-startStop-1][SocialHotDeployListener:103] Social for calendar-portlet is available for use
18:43:45,034 INFO  [localhost-startStop-1][HotDeployImpl:217] Deploying kaleo-web from queue
18:43:45,035 INFO  [localhost-startStop-1][PluginPackageUtil:1016] Reading plugin package for kaleo-web
18:43:48,735 INFO  [localhost-startStop-1][HookHotDeployListener:709] Registering hook for kaleo-web
18:43:48,771 INFO  [localhost-startStop-1][HookHotDeployListener:851] Hook for kaleo-web is available for use
18:43:50,655 INFO  [localhost-startStop-1][HotDeployEvent:145] Plugin notifications-portlet requires marketplace-portlet
18:43:50,655 INFO  [localhost-startStop-1][HotDeployImpl:217] Deploying notifications-portlet from queue
18:43:50,655 INFO  [localhost-startStop-1][PluginPackageUtil:1016] Reading plugin package for notifications-portlet
18:43:50,970 INFO  [localhost-startStop-1][HookHotDeployListener:709] Registering hook for notifications-portlet
18:43:51,185 INFO  [localhost-startStop-1][HookHotDeployListener:851] Hook for notifications-portlet is available for use
18:43:51,187 INFO  [localhost-startStop-1][PortletHotDeployListener:344] Registering portlets for notifications-portlet
18:43:51,302 INFO  [localhost-startStop-1][PortletHotDeployListener:497] 2 portlets for notifications-portlet are available for use
18:43:55,036 INFO  [localhost-startStop-1][HotDeployEvent:145] Plugin opensocial-portlet requires marketplace-portlet
18:43:55,036 INFO  [localhost-startStop-1][HotDeployImpl:217] Deploying opensocial-portlet from queue
18:43:55,037 INFO  [localhost-startStop-1][PluginPackageUtil:1016] Reading plugin package for opensocial-portlet
18:43:56,194 INFO  [localhost-startStop-1][HookHotDeployListener:709] Registering hook for opensocial-portlet
18:43:56,241 INFO  [localhost-startStop-1][HookHotDeployListener:851] Hook for opensocial-portlet is available for use
18:43:56,245 INFO  [localhost-startStop-1][PortletHotDeployListener:344] Registering portlets for opensocial-portlet
18:43:56,517 INFO  [localhost-startStop-1][PortletHotDeployListener:497] 4 portlets for opensocial-portlet are available for use
18:43:58,779 INFO  [localhost-startStop-1][HotDeployEvent:145] Plugin resources-importer-web requires marketplace-portlet
18:43:58,779 INFO  [localhost-startStop-1][HotDeployImpl:217] Deploying resources-importer-web from queue
18:43:58,779 INFO  [localhost-startStop-1][PluginPackageUtil:1016] Reading plugin package for resources-importer-web
18:43:58,973 INFO  [localhost-startStop-1][HookHotDeployListener:709] Registering hook for resources-importer-web
18:43:58,979 INFO  [localhost-startStop-1][HookHotDeployListener:851] Hook for resources-importer-web is available for use
18:44:03,938 INFO  [localhost-startStop-1][HotDeployEvent:145] Plugin sync-web requires marketplace-portlet
18:44:03,939 INFO  [localhost-startStop-1][HotDeployImpl:217] Deploying sync-web from queue
18:44:03,939 INFO  [localhost-startStop-1][PluginPackageUtil:1016] Reading plugin package for sync-web
18:44:04,536 INFO  [localhost-startStop-1][HookHotDeployListener:709] Registering hook for sync-web
18:44:06,144 INFO  [localhost-startStop-1][HookHotDeployListener:851] Hook for sync-web is available for use
18:44:07,880 INFO  [localhost-startStop-1][HotDeployEvent:145] Plugin web-form-portlet requires marketplace-portlet
18:44:07,881 INFO  [localhost-startStop-1][HotDeployImpl:217] Deploying web-form-portlet from queue
18:44:07,881 INFO  [localhost-startStop-1][PluginPackageUtil:1016] Reading plugin package for web-form-portlet
18:44:08,076 INFO  [localhost-startStop-1][PortletHotDeployListener:344] Registering portlets for web-form-portlet
18:44:08,148 INFO  [localhost-startStop-1][PortletHotDeployListener:492] 1 portlet for web-form-portlet is available for use
